{"/home/george/projects/hanlearn/web-client/src/App.tsx": {"path":"/home/george/projects/hanlearn/web-client/src/App.tsx","statementMap":{"0":{"start":{"line":16,"column":27},"end":{"line":22,"column":null}},"1":{"start":{"line":24,"column":24},"end":{"line":26,"column":null}},"2":{"start":{"line":24,"column":47},"end":{"line":26,"column":null}},"3":{"start":{"line":28,"column":6},"end":{"line":28,"column":null}},"4":{"start":{"line":32,"column":29},"end":{"line":135,"column":null}},"5":{"start":{"line":40,"column":8},"end":{"line":52,"column":null}},"6":{"start":{"line":41,"column":4},"end":{"line":51,"column":null}},"7":{"start":{"line":42,"column":20},"end":{"line":42,"column":null}},"8":{"start":{"line":45,"column":6},"end":{"line":50,"column":null}},"9":{"start":{"line":46,"column":8},"end":{"line":49,"column":null}},"10":{"start":{"line":47,"column":10},"end":{"line":47,"column":null}},"11":{"start":{"line":48,"column":10},"end":{"line":48,"column":null}},"12":{"start":{"line":54,"column":8},"end":{"line":80,"column":null}},"13":{"start":{"line":55,"column":4},"end":{"line":79,"column":null}},"14":{"start":{"line":59,"column":6},"end":{"line":59,"column":null}},"15":{"start":{"line":59,"column":50},"end":{"line":59,"column":83}},"16":{"start":{"line":60,"column":6},"end":{"line":60,"column":null}},"17":{"start":{"line":60,"column":48},"end":{"line":60,"column":78}},"18":{"start":{"line":61,"column":6},"end":{"line":78,"column":null}},"19":{"start":{"line":65,"column":8},"end":{"line":71,"column":null}},"20":{"start":{"line":66,"column":10},"end":{"line":66,"column":null}},"21":{"start":{"line":67,"column":10},"end":{"line":67,"column":null}},"22":{"start":{"line":69,"column":10},"end":{"line":69,"column":null}},"23":{"start":{"line":70,"column":10},"end":{"line":70,"column":null}},"24":{"start":{"line":73,"column":8},"end":{"line":73,"column":null}},"25":{"start":{"line":74,"column":8},"end":{"line":74,"column":null}},"26":{"start":{"line":75,"column":8},"end":{"line":75,"column":null}},"27":{"start":{"line":77,"column":8},"end":{"line":77,"column":null}},"28":{"start":{"line":82,"column":2},"end":{"line":119,"column":null}},"29":{"start":{"line":83,"column":4},"end":{"line":83,"column":null}},"30":{"start":{"line":84,"column":4},"end":{"line":84,"column":null}},"31":{"start":{"line":86,"column":4},"end":{"line":95,"column":null}},"32":{"start":{"line":87,"column":25},"end":{"line":87,"column":null}},"33":{"start":{"line":88,"column":6},"end":{"line":92,"column":null}},"34":{"start":{"line":89,"column":8},"end":{"line":89,"column":null}},"35":{"start":{"line":91,"column":8},"end":{"line":91,"column":null}},"36":{"start":{"line":94,"column":6},"end":{"line":94,"column":null}},"37":{"start":{"line":97,"column":45},"end":{"line":97,"column":null}},"38":{"start":{"line":99,"column":4},"end":{"line":112,"column":null}},"39":{"start":{"line":100,"column":24},"end":{"line":100,"column":null}},"40":{"start":{"line":101,"column":6},"end":{"line":109,"column":null}},"41":{"start":{"line":102,"column":8},"end":{"line":102,"column":null}},"42":{"start":{"line":103,"column":8},"end":{"line":105,"column":null}},"43":{"start":{"line":104,"column":10},"end":{"line":104,"column":null}},"44":{"start":{"line":106,"column":8},"end":{"line":106,"column":null}},"45":{"start":{"line":108,"column":8},"end":{"line":108,"column":null}},"46":{"start":{"line":111,"column":6},"end":{"line":111,"column":null}},"47":{"start":{"line":114,"column":4},"end":{"line":118,"column":null}},"48":{"start":{"line":115,"column":6},"end":{"line":117,"column":null}},"49":{"start":{"line":116,"column":8},"end":{"line":116,"column":null}},"50":{"start":{"line":121,"column":2},"end":{"line":133,"column":null}},"51":{"start":{"line":125,"column":47},"end":{"line":125,"column":92}},"52":{"start":{"line":129,"column":46},"end":{"line":129,"column":68}}},"fnMap":{"0":{"name":"(anonymous_0)","decl":{"start":{"line":24,"column":24},"end":{"line":24,"column":25}},"loc":{"start":{"line":24,"column":47},"end":{"line":26,"column":null}},"line":24},"1":{"name":"(anonymous_1)","decl":{"start":{"line":32,"column":29},"end":{"line":32,"column":30}},"loc":{"start":{"line":39,"column":6},"end":{"line":135,"column":null}},"line":39},"2":{"name":"(anonymous_2)","decl":{"start":{"line":40,"column":32},"end":{"line":40,"column":71}},"loc":{"start":{"line":40,"column":71},"end":{"line":52,"column":5}},"line":40},"3":{"name":"(anonymous_3)","decl":{"start":{"line":41,"column":23},"end":{"line":41,"column":33}},"loc":{"start":{"line":41,"column":42},"end":{"line":51,"column":5}},"line":41},"4":{"name":"(anonymous_4)","decl":{"start":{"line":45,"column":23},"end":{"line":45,"column":29}},"loc":{"start":{"line":45,"column":29},"end":{"line":50,"column":9}},"line":45},"5":{"name":"(anonymous_5)","decl":{"start":{"line":54,"column":33},"end":{"line":54,"column":45}},"loc":{"start":{"line":54,"column":45},"end":{"line":80,"column":5}},"line":54},"6":{"name":"(anonymous_6)","decl":{"start":{"line":55,"column":21},"end":{"line":55,"column":22}},"loc":{"start":{"line":55,"column":33},"end":{"line":79,"column":5}},"line":55},"7":{"name":"(anonymous_7)","decl":{"start":{"line":59,"column":39},"end":{"line":59,"column":40}},"loc":{"start":{"line":59,"column":50},"end":{"line":59,"column":83}},"line":59},"8":{"name":"(anonymous_8)","decl":{"start":{"line":60,"column":37},"end":{"line":60,"column":38}},"loc":{"start":{"line":60,"column":48},"end":{"line":60,"column":78}},"line":60},"9":{"name":"(anonymous_9)","decl":{"start":{"line":82,"column":12},"end":{"line":82,"column":18}},"loc":{"start":{"line":82,"column":18},"end":{"line":119,"column":5}},"line":82},"10":{"name":"(anonymous_10)","decl":{"start":{"line":103,"column":24},"end":{"line":103,"column":30}},"loc":{"start":{"line":103,"column":30},"end":{"line":105,"column":null}},"line":103},"11":{"name":"(anonymous_11)","decl":{"start":{"line":114,"column":11},"end":{"line":114,"column":17}},"loc":{"start":{"line":114,"column":17},"end":{"line":118,"column":null}},"line":114},"12":{"name":"(anonymous_12)","decl":{"start":{"line":125,"column":40},"end":{"line":125,"column":47}},"loc":{"start":{"line":125,"column":47},"end":{"line":125,"column":92}},"line":125},"13":{"name":"(anonymous_13)","decl":{"start":{"line":129,"column":40},"end":{"line":129,"column":46}},"loc":{"start":{"line":129,"column":46},"end":{"line":129,"column":68}},"line":129}},"branchMap":{"0":{"loc":{"start":{"line":46,"column":8},"end":{"line":49,"column":null}},"type":"if","locations":[{"start":{"line":46,"column":8},"end":{"line":49,"column":null}},{"start":{},"end":{}}],"line":46},"1":{"loc":{"start":{"line":61,"column":6},"end":{"line":78,"column":null}},"type":"if","locations":[{"start":{"line":61,"column":6},"end":{"line":78,"column":null}},{"start":{"line":76,"column":13},"end":{"line":78,"column":null}}],"line":61},"2":{"loc":{"start":{"line":61,"column":10},"end":{"line":61,"column":46}},"type":"binary-expr","locations":[{"start":{"line":61,"column":10},"end":{"line":61,"column":30}},{"start":{"line":61,"column":30},"end":{"line":61,"column":46}}],"line":61},"3":{"loc":{"start":{"line":65,"column":8},"end":{"line":71,"column":null}},"type":"if","locations":[{"start":{"line":65,"column":8},"end":{"line":71,"column":null}},{"start":{"line":68,"column":15},"end":{"line":71,"column":null}}],"line":65},"4":{"loc":{"start":{"line":88,"column":6},"end":{"line":92,"column":null}},"type":"if","locations":[{"start":{"line":88,"column":6},"end":{"line":92,"column":null}},{"start":{"line":90,"column":13},"end":{"line":92,"column":null}}],"line":88},"5":{"loc":{"start":{"line":101,"column":6},"end":{"line":109,"column":null}},"type":"if","locations":[{"start":{"line":101,"column":6},"end":{"line":109,"column":null}},{"start":{"line":107,"column":13},"end":{"line":109,"column":null}}],"line":101},"6":{"loc":{"start":{"line":115,"column":6},"end":{"line":117,"column":null}},"type":"if","locations":[{"start":{"line":115,"column":6},"end":{"line":117,"column":null}},{"start":{},"end":{}}],"line":115},"7":{"loc":{"start":{"line":125,"column":47},"end":{"line":125,"column":92}},"type":"cond-expr","locations":[{"start":{"line":125,"column":65},"end":{"line":125,"column":81}},{"start":{"line":125,"column":81},"end":{"line":125,"column":92}}],"line":125}},"s":{"0":1,"1":1,"2":4,"3":1,"4":1,"5":1,"6":0,"7":0,"8":0,"9":0,"10":0,"11":0,"12":1,"13":0,"14":0,"15":0,"16":0,"17":0,"18":0,"19":0,"20":0,"21":0,"22":0,"23":0,"24":0,"25":0,"26":0,"27":0,"28":1,"29":1,"30":1,"31":1,"32":1,"33":1,"34":0,"35":0,"36":1,"37":1,"38":1,"39":1,"40":1,"41":0,"42":0,"43":0,"44":0,"45":0,"46":1,"47":1,"48":1,"49":0,"50":1,"51":1,"52":0},"f":{"0":4,"1":1,"2":0,"3":0,"4":0,"5":0,"6":0,"7":0,"8":0,"9":1,"10":0,"11":1,"12":1,"13":0},"b":{"0":[0,0],"1":[0,0],"2":[0,0],"3":[0,0],"4":[0,0],"5":[0,0],"6":[0,1],"7":[0,1]},"meta":{"lastBranch":8,"lastFunction":14,"lastStatement":53,"seen":{"s:16:27:22:Infinity":0,"s:24:24:26:Infinity":1,"f:24:24:24:25":0,"s:24:47:26:Infinity":2,"s:28:6:28:Infinity":3,"s:32:29:135:Infinity":4,"f:32:29:32:30":1,"s:40:8:52:Infinity":5,"f:40:32:40:71":2,"s:41:4:51:Infinity":6,"f:41:23:41:33":3,"s:42:20:42:Infinity":7,"s:45:6:50:Infinity":8,"f:45:23:45:29":4,"b:46:8:49:Infinity:undefined:undefined:undefined:undefined":0,"s:46:8:49:Infinity":9,"s:47:10:47:Infinity":10,"s:48:10:48:Infinity":11,"s:54:8:80:Infinity":12,"f:54:33:54:45":5,"s:55:4:79:Infinity":13,"f:55:21:55:22":6,"s:59:6:59:Infinity":14,"f:59:39:59:40":7,"s:59:50:59:83":15,"s:60:6:60:Infinity":16,"f:60:37:60:38":8,"s:60:48:60:78":17,"b:61:6:78:Infinity:76:13:78:Infinity":1,"s:61:6:78:Infinity":18,"b:61:10:61:30:61:30:61:46":2,"b:65:8:71:Infinity:68:15:71:Infinity":3,"s:65:8:71:Infinity":19,"s:66:10:66:Infinity":20,"s:67:10:67:Infinity":21,"s:69:10:69:Infinity":22,"s:70:10:70:Infinity":23,"s:73:8:73:Infinity":24,"s:74:8:74:Infinity":25,"s:75:8:75:Infinity":26,"s:77:8:77:Infinity":27,"s:82:2:119:Infinity":28,"f:82:12:82:18":9,"s:83:4:83:Infinity":29,"s:84:4:84:Infinity":30,"s:86:4:95:Infinity":31,"s:87:25:87:Infinity":32,"b:88:6:92:Infinity:90:13:92:Infinity":4,"s:88:6:92:Infinity":33,"s:89:8:89:Infinity":34,"s:91:8:91:Infinity":35,"s:94:6:94:Infinity":36,"s:97:45:97:Infinity":37,"s:99:4:112:Infinity":38,"s:100:24:100:Infinity":39,"b:101:6:109:Infinity:107:13:109:Infinity":5,"s:101:6:109:Infinity":40,"s:102:8:102:Infinity":41,"s:103:8:105:Infinity":42,"f:103:24:103:30":10,"s:104:10:104:Infinity":43,"s:106:8:106:Infinity":44,"s:108:8:108:Infinity":45,"s:111:6:111:Infinity":46,"s:114:4:118:Infinity":47,"f:114:11:114:17":11,"b:115:6:117:Infinity:undefined:undefined:undefined:undefined":6,"s:115:6:117:Infinity":48,"s:116:8:116:Infinity":49,"s:121:2:133:Infinity":50,"f:125:40:125:47":12,"s:125:47:125:92":51,"b:125:65:125:81:125:81:125:92":7,"f:129:40:129:46":13,"s:129:46:129:68":52}}}
,"/home/george/projects/hanlearn/web-client/src/theme.ts": {"path":"/home/george/projects/hanlearn/web-client/src/theme.ts","statementMap":{"0":{"start":{"line":3,"column":22},"end":{"line":13,"column":null}},"1":{"start":{"line":15,"column":6},"end":{"line":60,"column":null}}},"fnMap":{},"branchMap":{},"s":{"0":1,"1":1},"f":{},"b":{},"meta":{"lastBranch":0,"lastFunction":0,"lastStatement":2,"seen":{"s:3:22:13:Infinity":0,"s:15:6:60:Infinity":1}}}
,"/home/george/projects/hanlearn/web-client/src/assets/images/dislike.png": {"path":"/home/george/projects/hanlearn/web-client/src/assets/images/dislike.png","statementMap":{},"fnMap":{},"branchMap":{},"s":{},"f":{},"b":{},"meta":{"lastBranch":0,"lastFunction":0,"lastStatement":0,"seen":{}}}
,"/home/george/projects/hanlearn/web-client/src/assets/images/hlclearredsq.png": {"path":"/home/george/projects/hanlearn/web-client/src/assets/images/hlclearredsq.png","statementMap":{},"fnMap":{},"branchMap":{},"s":{},"f":{},"b":{},"meta":{"lastBranch":0,"lastFunction":0,"lastStatement":0,"seen":{}}}
,"/home/george/projects/hanlearn/web-client/src/assets/images/hlclearsq.png": {"path":"/home/george/projects/hanlearn/web-client/src/assets/images/hlclearsq.png","statementMap":{},"fnMap":{},"branchMap":{},"s":{},"f":{},"b":{},"meta":{"lastBranch":0,"lastFunction":0,"lastStatement":0,"seen":{}}}
,"/home/george/projects/hanlearn/web-client/src/assets/images/like.png": {"path":"/home/george/projects/hanlearn/web-client/src/assets/images/like.png","statementMap":{},"fnMap":{},"branchMap":{},"s":{},"f":{},"b":{},"meta":{"lastBranch":0,"lastFunction":0,"lastStatement":0,"seen":{}}}
,"/home/george/projects/hanlearn/web-client/src/assets/images/microphone.png": {"path":"/home/george/projects/hanlearn/web-client/src/assets/images/microphone.png","statementMap":{},"fnMap":{},"branchMap":{},"s":{},"f":{},"b":{},"meta":{"lastBranch":0,"lastFunction":0,"lastStatement":0,"seen":{}}}
,"/home/george/projects/hanlearn/web-client/src/assets/images/speaker.png": {"path":"/home/george/projects/hanlearn/web-client/src/assets/images/speaker.png","statementMap":{},"fnMap":{},"branchMap":{},"s":{},"f":{},"b":{},"meta":{"lastBranch":0,"lastFunction":0,"lastStatement":0,"seen":{}}}
,"/home/george/projects/hanlearn/web-client/src/assets/images/homepage/mountains.jpg": {"path":"/home/george/projects/hanlearn/web-client/src/assets/images/homepage/mountains.jpg","statementMap":{},"fnMap":{},"branchMap":{},"s":{},"f":{},"b":{},"meta":{"lastBranch":0,"lastFunction":0,"lastStatement":0,"seen":{}}}
,"/home/george/projects/hanlearn/web-client/src/assets/sounds/failure1.wav": {"path":"/home/george/projects/hanlearn/web-client/src/assets/sounds/failure1.wav","statementMap":{},"fnMap":{},"branchMap":{},"s":{},"f":{},"b":{},"meta":{"lastBranch":0,"lastFunction":0,"lastStatement":0,"seen":{}}}
,"/home/george/projects/hanlearn/web-client/src/assets/sounds/success1.wav": {"path":"/home/george/projects/hanlearn/web-client/src/assets/sounds/success1.wav","statementMap":{},"fnMap":{},"branchMap":{},"s":{},"f":{},"b":{},"meta":{"lastBranch":0,"lastFunction":0,"lastStatement":0,"seen":{}}}
,"/home/george/projects/hanlearn/web-client/src/components/AddWords/MainBanner.tsx": {"path":"/home/george/projects/hanlearn/web-client/src/components/AddWords/MainBanner.tsx","statementMap":{"0":{"start":{"line":17,"column":46},"end":{"line":104,"column":null}},"1":{"start":{"line":24,"column":22},"end":{"line":24,"column":null}},"2":{"start":{"line":26,"column":8},"end":{"line":30,"column":null}},"3":{"start":{"line":27,"column":4},"end":{"line":29,"column":null}},"4":{"start":{"line":28,"column":6},"end":{"line":28,"column":null}},"5":{"start":{"line":32,"column":2},"end":{"line":37,"column":null}},"6":{"start":{"line":33,"column":4},"end":{"line":33,"column":null}},"7":{"start":{"line":34,"column":4},"end":{"line":36,"column":null}},"8":{"start":{"line":35,"column":6},"end":{"line":35,"column":null}},"9":{"start":{"line":39,"column":23},"end":{"line":41,"column":null}},"10":{"start":{"line":40,"column":4},"end":{"line":40,"column":null}},"11":{"start":{"line":43,"column":22},"end":{"line":45,"column":null}},"12":{"start":{"line":44,"column":4},"end":{"line":44,"column":null}},"13":{"start":{"line":48,"column":4},"end":{"line":50,"column":null}},"14":{"start":{"line":53,"column":2},"end":{"line":55,"column":null}},"15":{"start":{"line":54,"column":4},"end":{"line":54,"column":null}},"16":{"start":{"line":57,"column":23},"end":{"line":62,"column":null}},"17":{"start":{"line":58,"column":4},"end":{"line":58,"column":null}},"18":{"start":{"line":59,"column":4},"end":{"line":61,"column":null}},"19":{"start":{"line":60,"column":6},"end":{"line":60,"column":null}},"20":{"start":{"line":64,"column":2},"end":{"line":102,"column":null}}},"fnMap":{"0":{"name":"(anonymous_0)","decl":{"start":{"line":17,"column":46},"end":{"line":17,"column":47}},"loc":{"start":{"line":23,"column":6},"end":{"line":104,"column":null}},"line":23},"1":{"name":"(anonymous_1)","decl":{"start":{"line":26,"column":30},"end":{"line":26,"column":31}},"loc":{"start":{"line":26,"column":62},"end":{"line":30,"column":5}},"line":26},"2":{"name":"(anonymous_2)","decl":{"start":{"line":32,"column":12},"end":{"line":32,"column":18}},"loc":{"start":{"line":32,"column":18},"end":{"line":37,"column":5}},"line":32},"3":{"name":"(anonymous_3)","decl":{"start":{"line":34,"column":11},"end":{"line":34,"column":17}},"loc":{"start":{"line":34,"column":17},"end":{"line":36,"column":null}},"line":34},"4":{"name":"(anonymous_4)","decl":{"start":{"line":39,"column":23},"end":{"line":39,"column":35}},"loc":{"start":{"line":39,"column":35},"end":{"line":41,"column":null}},"line":39},"5":{"name":"(anonymous_5)","decl":{"start":{"line":43,"column":22},"end":{"line":43,"column":34}},"loc":{"start":{"line":43,"column":34},"end":{"line":45,"column":null}},"line":43},"6":{"name":"(anonymous_6)","decl":{"start":{"line":57,"column":23},"end":{"line":57,"column":24}},"loc":{"start":{"line":57,"column":53},"end":{"line":62,"column":null}},"line":57}},"branchMap":{"0":{"loc":{"start":{"line":27,"column":4},"end":{"line":29,"column":null}},"type":"if","locations":[{"start":{"line":27,"column":4},"end":{"line":29,"column":null}},{"start":{},"end":{}}],"line":27},"1":{"loc":{"start":{"line":27,"column":8},"end":{"line":27,"column":44}},"type":"binary-expr","locations":[{"start":{"line":27,"column":8},"end":{"line":27,"column":25}},{"start":{"line":27,"column":25},"end":{"line":27,"column":44}}],"line":27},"2":{"loc":{"start":{"line":53,"column":2},"end":{"line":55,"column":null}},"type":"if","locations":[{"start":{"line":53,"column":2},"end":{"line":55,"column":null}},{"start":{},"end":{}}],"line":53},"3":{"loc":{"start":{"line":59,"column":4},"end":{"line":61,"column":null}},"type":"if","locations":[{"start":{"line":59,"column":4},"end":{"line":61,"column":null}},{"start":{},"end":{}}],"line":59}},"s":{"0":1,"1":0,"2":0,"3":0,"4":0,"5":0,"6":0,"7":0,"8":0,"9":0,"10":0,"11":0,"12":0,"13":0,"14":0,"15":0,"16":0,"17":0,"18":0,"19":0,"20":0},"f":{"0":0,"1":0,"2":0,"3":0,"4":0,"5":0,"6":0},"b":{"0":[0,0],"1":[0,0],"2":[0,0],"3":[0,0]},"meta":{"lastBranch":4,"lastFunction":7,"lastStatement":21,"seen":{"s:17:46:104:Infinity":0,"f:17:46:17:47":0,"s:24:22:24:Infinity":1,"s:26:8:30:Infinity":2,"f:26:30:26:31":1,"b:27:4:29:Infinity:undefined:undefined:undefined:undefined":0,"s:27:4:29:Infinity":3,"b:27:8:27:25:27:25:27:44":1,"s:28:6:28:Infinity":4,"s:32:2:37:Infinity":5,"f:32:12:32:18":2,"s:33:4:33:Infinity":6,"s:34:4:36:Infinity":7,"f:34:11:34:17":3,"s:35:6:35:Infinity":8,"s:39:23:41:Infinity":9,"f:39:23:39:35":4,"s:40:4:40:Infinity":10,"s:43:22:45:Infinity":11,"f:43:22:43:34":5,"s:44:4:44:Infinity":12,"s:48:4:50:Infinity":13,"b:53:2:55:Infinity:undefined:undefined:undefined:undefined":2,"s:53:2:55:Infinity":14,"s:54:4:54:Infinity":15,"s:57:23:62:Infinity":16,"f:57:23:57:24":6,"s:58:4:58:Infinity":17,"b:59:4:61:Infinity:undefined:undefined:undefined:undefined":3,"s:59:4:61:Infinity":18,"s:60:6:60:Infinity":19,"s:64:2:102:Infinity":20}}}
,"/home/george/projects/hanlearn/web-client/src/components/Auth/AuthModal.tsx": {"path":"/home/george/projects/hanlearn/web-client/src/components/Auth/AuthModal.tsx","statementMap":{"0":{"start":{"line":21,"column":25},"end":{"line":24,"column":null}},"1":{"start":{"line":21,"column":75},"end":{"line":24,"column":null}},"2":{"start":{"line":26,"column":24},"end":{"line":31,"column":null}},"3":{"start":{"line":26,"column":47},"end":{"line":31,"column":null}},"4":{"start":{"line":33,"column":27},"end":{"line":39,"column":null}},"5":{"start":{"line":41,"column":6},"end":{"line":41,"column":null}},"6":{"start":{"line":44,"column":35},"end":{"line":214,"column":null}},"7":{"start":{"line":55,"column":22},"end":{"line":55,"column":null}},"8":{"start":{"line":58,"column":2},"end":{"line":60,"column":null}},"9":{"start":{"line":59,"column":4},"end":{"line":59,"column":null}},"10":{"start":{"line":62,"column":24},"end":{"line":66,"column":null}},"11":{"start":{"line":63,"column":4},"end":{"line":63,"column":null}},"12":{"start":{"line":63,"column":16},"end":{"line":63,"column":null}},"13":{"start":{"line":64,"column":4},"end":{"line":64,"column":null}},"14":{"start":{"line":64,"column":51},"end":{"line":64,"column":null}},"15":{"start":{"line":65,"column":4},"end":{"line":65,"column":null}},"16":{"start":{"line":68,"column":27},"end":{"line":72,"column":null}},"17":{"start":{"line":69,"column":4},"end":{"line":69,"column":null}},"18":{"start":{"line":69,"column":16},"end":{"line":69,"column":null}},"19":{"start":{"line":70,"column":4},"end":{"line":70,"column":null}},"20":{"start":{"line":70,"column":49},"end":{"line":70,"column":null}},"21":{"start":{"line":71,"column":4},"end":{"line":71,"column":null}},"22":{"start":{"line":74,"column":23},"end":{"line":84,"column":null}},"23":{"start":{"line":74,"column":56},"end":{"line":84,"column":null}},"24":{"start":{"line":77,"column":18},"end":{"line":77,"column":null}},"25":{"start":{"line":79,"column":6},"end":{"line":79,"column":null}},"26":{"start":{"line":80,"column":4},"end":{"line":83,"column":null}},"27":{"start":{"line":80,"column":23},"end":{"line":83,"column":6}},"28":{"start":{"line":86,"column":23},"end":{"line":93,"column":null}},"29":{"start":{"line":87,"column":4},"end":{"line":87,"column":null}},"30":{"start":{"line":88,"column":4},"end":{"line":92,"column":null}},"31":{"start":{"line":89,"column":6},"end":{"line":89,"column":null}},"32":{"start":{"line":91,"column":6},"end":{"line":91,"column":null}},"33":{"start":{"line":95,"column":22},"end":{"line":95,"column":null}},"34":{"start":{"line":97,"column":2},"end":{"line":212,"column":null}},"35":{"start":{"line":116,"column":25},"end":{"line":116,"column":null}},"36":{"start":{"line":205,"column":29},"end":{"line":205,"column":null}}},"fnMap":{"0":{"name":"(anonymous_0)","decl":{"start":{"line":21,"column":25},"end":{"line":21,"column":75}},"loc":{"start":{"line":21,"column":75},"end":{"line":24,"column":null}},"line":21},"1":{"name":"(anonymous_1)","decl":{"start":{"line":26,"column":24},"end":{"line":26,"column":25}},"loc":{"start":{"line":26,"column":47},"end":{"line":31,"column":null}},"line":26},"2":{"name":"(anonymous_2)","decl":{"start":{"line":44,"column":35},"end":{"line":44,"column":36}},"loc":{"start":{"line":54,"column":6},"end":{"line":214,"column":null}},"line":54},"3":{"name":"(anonymous_3)","decl":{"start":{"line":58,"column":12},"end":{"line":58,"column":18}},"loc":{"start":{"line":58,"column":18},"end":{"line":60,"column":5}},"line":58},"4":{"name":"(anonymous_4)","decl":{"start":{"line":62,"column":24},"end":{"line":62,"column":25}},"loc":{"start":{"line":62,"column":51},"end":{"line":66,"column":null}},"line":62},"5":{"name":"(anonymous_5)","decl":{"start":{"line":68,"column":27},"end":{"line":68,"column":28}},"loc":{"start":{"line":68,"column":54},"end":{"line":72,"column":null}},"line":68},"6":{"name":"(anonymous_6)","decl":{"start":{"line":74,"column":23},"end":{"line":74,"column":24}},"loc":{"start":{"line":74,"column":56},"end":{"line":84,"column":null}},"line":74},"7":{"name":"(anonymous_7)","decl":{"start":{"line":74,"column":56},"end":{"line":74,"column":null}},"loc":{"start":{"line":76,"column":7},"end":{"line":84,"column":null}},"line":76},"8":{"name":"(anonymous_8)","decl":{"start":{"line":80,"column":12},"end":{"line":80,"column":13}},"loc":{"start":{"line":80,"column":23},"end":{"line":83,"column":6}},"line":80},"9":{"name":"(anonymous_9)","decl":{"start":{"line":86,"column":23},"end":{"line":86,"column":24}},"loc":{"start":{"line":86,"column":41},"end":{"line":93,"column":null}},"line":86},"10":{"name":"(anonymous_10)","decl":{"start":{"line":116,"column":19},"end":{"line":116,"column":25}},"loc":{"start":{"line":116,"column":25},"end":{"line":116,"column":null}},"line":116},"11":{"name":"(anonymous_11)","decl":{"start":{"line":205,"column":23},"end":{"line":205,"column":29}},"loc":{"start":{"line":205,"column":29},"end":{"line":205,"column":null}},"line":205}},"branchMap":{"0":{"loc":{"start":{"line":63,"column":4},"end":{"line":63,"column":null}},"type":"if","locations":[{"start":{"line":63,"column":4},"end":{"line":63,"column":null}},{"start":{},"end":{}}],"line":63},"1":{"loc":{"start":{"line":64,"column":4},"end":{"line":64,"column":null}},"type":"if","locations":[{"start":{"line":64,"column":4},"end":{"line":64,"column":null}},{"start":{},"end":{}}],"line":64},"2":{"loc":{"start":{"line":69,"column":4},"end":{"line":69,"column":null}},"type":"if","locations":[{"start":{"line":69,"column":4},"end":{"line":69,"column":null}},{"start":{},"end":{}}],"line":69},"3":{"loc":{"start":{"line":70,"column":4},"end":{"line":70,"column":null}},"type":"if","locations":[{"start":{"line":70,"column":4},"end":{"line":70,"column":null}},{"start":{},"end":{}}],"line":70},"4":{"loc":{"start":{"line":70,"column":8},"end":{"line":70,"column":49}},"type":"binary-expr","locations":[{"start":{"line":70,"column":8},"end":{"line":70,"column":31}},{"start":{"line":70,"column":31},"end":{"line":70,"column":49}}],"line":70},"5":{"loc":{"start":{"line":79,"column":6},"end":{"line":79,"column":null}},"type":"cond-expr","locations":[{"start":{"line":79,"column":26},"end":{"line":79,"column":49}},{"start":{"line":79,"column":49},"end":{"line":79,"column":null}}],"line":79},"6":{"loc":{"start":{"line":88,"column":4},"end":{"line":92,"column":null}},"type":"if","locations":[{"start":{"line":88,"column":4},"end":{"line":92,"column":null}},{"start":{"line":90,"column":11},"end":{"line":92,"column":null}}],"line":88},"7":{"loc":{"start":{"line":95,"column":22},"end":{"line":95,"column":null}},"type":"binary-expr","locations":[{"start":{"line":95,"column":22},"end":{"line":95,"column":42}},{"start":{"line":95,"column":42},"end":{"line":95,"column":null}}],"line":95},"8":{"loc":{"start":{"line":101,"column":11},"end":{"line":101,"column":null}},"type":"cond-expr","locations":[{"start":{"line":101,"column":30},"end":{"line":101,"column":47}},{"start":{"line":101,"column":47},"end":{"line":101,"column":null}}],"line":101},"9":{"loc":{"start":{"line":104,"column":11},"end":{"line":106,"column":null}},"type":"cond-expr","locations":[{"start":{"line":105,"column":14},"end":{"line":105,"column":null}},{"start":{"line":106,"column":14},"end":{"line":106,"column":null}}],"line":104},"10":{"loc":{"start":{"line":109,"column":9},"end":{"line":112,"column":null}},"type":"binary-expr","locations":[{"start":{"line":109,"column":9},"end":{"line":109,"column":null}},{"start":{"line":110,"column":10},"end":{"line":112,"column":null}}],"line":109},"11":{"loc":{"start":{"line":142,"column":9},"end":{"line":190,"column":null}},"type":"cond-expr","locations":[{"start":{"line":143,"column":10},"end":{"line":143,"column":null}},{"start":{"line":145,"column":10},"end":{"line":190,"column":null}}],"line":142},"12":{"loc":{"start":{"line":173,"column":24},"end":{"line":173,"column":null}},"type":"binary-expr","locations":[{"start":{"line":173,"column":24},"end":{"line":173,"column":40}},{"start":{"line":173,"column":40},"end":{"line":173,"column":null}}],"line":173},"13":{"loc":{"start":{"line":188,"column":15},"end":{"line":188,"column":null}},"type":"cond-expr","locations":[{"start":{"line":188,"column":34},"end":{"line":188,"column":45}},{"start":{"line":188,"column":45},"end":{"line":188,"column":null}}],"line":188},"14":{"loc":{"start":{"line":195,"column":13},"end":{"line":195,"column":null}},"type":"cond-expr","locations":[{"start":{"line":195,"column":32},"end":{"line":195,"column":60}},{"start":{"line":195,"column":60},"end":{"line":195,"column":null}}],"line":195},"15":{"loc":{"start":{"line":205,"column":42},"end":{"line":205,"column":81}},"type":"cond-expr","locations":[{"start":{"line":205,"column":61},"end":{"line":205,"column":74}},{"start":{"line":205,"column":74},"end":{"line":205,"column":81}}],"line":205},"16":{"loc":{"start":{"line":207,"column":15},"end":{"line":207,"column":null}},"type":"cond-expr","locations":[{"start":{"line":207,"column":34},"end":{"line":207,"column":46}},{"start":{"line":207,"column":46},"end":{"line":207,"column":null}}],"line":207}},"s":{"0":1,"1":3,"2":1,"3":4,"4":1,"5":1,"6":1,"7":2,"8":2,"9":1,"10":2,"11":0,"12":0,"13":0,"14":0,"15":0,"16":2,"17":0,"18":0,"19":0,"20":0,"21":0,"22":2,"23":4,"24":0,"25":0,"26":0,"27":0,"28":2,"29":0,"30":0,"31":0,"32":0,"33":2,"34":2,"35":0,"36":0},"f":{"0":3,"1":4,"2":2,"3":1,"4":0,"5":0,"6":4,"7":0,"8":0,"9":0,"10":0,"11":0},"b":{"0":[0,0],"1":[0,0],"2":[0,0],"3":[0,0],"4":[0,0],"5":[0,0],"6":[0,0],"7":[2,0],"8":[2,0],"9":[2,0],"10":[2,0],"11":[0,2],"12":[2,0],"13":[2,0],"14":[2,0],"15":[0,0],"16":[2,0]},"meta":{"lastBranch":17,"lastFunction":12,"lastStatement":37,"seen":{"s:21:25:24:Infinity":0,"f:21:25:21:75":0,"s:21:75:24:Infinity":1,"s:26:24:31:Infinity":2,"f:26:24:26:25":1,"s:26:47:31:Infinity":3,"s:33:27:39:Infinity":4,"s:41:6:41:Infinity":5,"s:44:35:214:Infinity":6,"f:44:35:44:36":2,"s:55:22:55:Infinity":7,"s:58:2:60:Infinity":8,"f:58:12:58:18":3,"s:59:4:59:Infinity":9,"s:62:24:66:Infinity":10,"f:62:24:62:25":4,"b:63:4:63:Infinity:undefined:undefined:undefined:undefined":0,"s:63:4:63:Infinity":11,"s:63:16:63:Infinity":12,"b:64:4:64:Infinity:undefined:undefined:undefined:undefined":1,"s:64:4:64:Infinity":13,"s:64:51:64:Infinity":14,"s:65:4:65:Infinity":15,"s:68:27:72:Infinity":16,"f:68:27:68:28":5,"b:69:4:69:Infinity:undefined:undefined:undefined:undefined":2,"s:69:4:69:Infinity":17,"s:69:16:69:Infinity":18,"b:70:4:70:Infinity:undefined:undefined:undefined:undefined":3,"s:70:4:70:Infinity":19,"b:70:8:70:31:70:31:70:49":4,"s:70:49:70:Infinity":20,"s:71:4:71:Infinity":21,"s:74:23:84:Infinity":22,"f:74:23:74:24":6,"s:74:56:84:Infinity":23,"f:74:56:74:Infinity":7,"s:77:18:77:Infinity":24,"s:79:6:79:Infinity":25,"b:79:26:79:49:79:49:79:Infinity":5,"s:80:4:83:Infinity":26,"f:80:12:80:13":8,"s:80:23:83:6":27,"s:86:23:93:Infinity":28,"f:86:23:86:24":9,"s:87:4:87:Infinity":29,"b:88:4:92:Infinity:90:11:92:Infinity":6,"s:88:4:92:Infinity":30,"s:89:6:89:Infinity":31,"s:91:6:91:Infinity":32,"s:95:22:95:Infinity":33,"b:95:22:95:42:95:42:95:Infinity":7,"s:97:2:212:Infinity":34,"b:101:30:101:47:101:47:101:Infinity":8,"b:105:14:105:Infinity:106:14:106:Infinity":9,"b:109:9:109:Infinity:110:10:112:Infinity":10,"f:116:19:116:25":10,"s:116:25:116:Infinity":35,"b:143:10:143:Infinity:145:10:190:Infinity":11,"b:173:24:173:40:173:40:173:Infinity":12,"b:188:34:188:45:188:45:188:Infinity":13,"b:195:32:195:60:195:60:195:Infinity":14,"f:205:23:205:29":11,"s:205:29:205:Infinity":36,"b:205:61:205:74:205:74:205:81":15,"b:207:34:207:46:207:46:207:Infinity":16}}}
,"/home/george/projects/hanlearn/web-client/src/components/Home/AccountSummary/AccountSummary.tsx": {"path":"/home/george/projects/hanlearn/web-client/src/components/Home/AccountSummary/AccountSummary.tsx","statementMap":{"0":{"start":{"line":13,"column":54},"end":{"line":25,"column":null}},"1":{"start":{"line":14,"column":2},"end":{"line":25,"column":null}}},"fnMap":{"0":{"name":"(anonymous_0)","decl":{"start":{"line":13,"column":54},"end":{"line":13,"column":55}},"loc":{"start":{"line":14,"column":2},"end":{"line":25,"column":null}},"line":14}},"branchMap":{},"s":{"0":1,"1":0},"f":{"0":0},"b":{},"meta":{"lastBranch":0,"lastFunction":1,"lastStatement":2,"seen":{"s:13:54:25:Infinity":0,"f:13:54:13:55":0,"s:14:2:25:Infinity":1}}}
,"/home/george/projects/hanlearn/web-client/src/components/Home/Chengyu/Chengyu.tsx": {"path":"/home/george/projects/hanlearn/web-client/src/components/Home/Chengyu/Chengyu.tsx","statementMap":{"0":{"start":{"line":11,"column":26},"end":{"line":172,"column":null}},"1":{"start":{"line":12,"column":30},"end":{"line":12,"column":null}},"2":{"start":{"line":13,"column":32},"end":{"line":13,"column":null}},"3":{"start":{"line":14,"column":38},"end":{"line":14,"column":null}},"4":{"start":{"line":15,"column":16},"end":{"line":17,"column":null}},"5":{"start":{"line":18,"column":42},"end":{"line":18,"column":null}},"6":{"start":{"line":19,"column":50},"end":{"line":21,"column":null}},"7":{"start":{"line":23,"column":8},"end":{"line":23,"column":null}},"8":{"start":{"line":23,"column":31},"end":{"line":23,"column":56}},"9":{"start":{"line":26,"column":2},"end":{"line":31,"column":null}},"10":{"start":{"line":27,"column":4},"end":{"line":30,"column":null}},"11":{"start":{"line":28,"column":6},"end":{"line":28,"column":null}},"12":{"start":{"line":29,"column":6},"end":{"line":29,"column":null}},"13":{"start":{"line":33,"column":22},"end":{"line":33,"column":null}},"14":{"start":{"line":35,"column":2},"end":{"line":47,"column":null}},"15":{"start":{"line":36,"column":4},"end":{"line":46,"column":null}},"16":{"start":{"line":38,"column":20},"end":{"line":38,"column":null}},"17":{"start":{"line":38,"column":43},"end":{"line":38,"column":49}},"18":{"start":{"line":39,"column":6},"end":{"line":45,"column":null}},"19":{"start":{"line":40,"column":25},"end":{"line":40,"column":null}},"20":{"start":{"line":41,"column":8},"end":{"line":43,"column":null}},"21":{"start":{"line":42,"column":10},"end":{"line":42,"column":null}},"22":{"start":{"line":44,"column":8},"end":{"line":44,"column":null}},"23":{"start":{"line":49,"column":24},"end":{"line":55,"column":null}},"24":{"start":{"line":50,"column":4},"end":{"line":54,"column":null}},"25":{"start":{"line":51,"column":6},"end":{"line":51,"column":null}},"26":{"start":{"line":51,"column":29},"end":{"line":51,"column":47}},"27":{"start":{"line":53,"column":6},"end":{"line":53,"column":null}},"28":{"start":{"line":57,"column":33},"end":{"line":57,"column":null}},"29":{"start":{"line":59,"column":2},"end":{"line":103,"column":null}},"30":{"start":{"line":60,"column":4},"end":{"line":101,"column":null}},"31":{"start":{"line":63,"column":26},"end":{"line":63,"column":null}},"32":{"start":{"line":64,"column":10},"end":{"line":87,"column":null}},"33":{"start":{"line":105,"column":2},"end":{"line":170,"column":null}},"34":{"start":{"line":129,"column":28},"end":{"line":129,"column":null}},"35":{"start":{"line":130,"column":30},"end":{"line":130,"column":null}},"36":{"start":{"line":131,"column":27},"end":{"line":131,"column":null}},"37":{"start":{"line":133,"column":10},"end":{"line":165,"column":null}},"38":{"start":{"line":136,"column":34},"end":{"line":136,"column":null}}},"fnMap":{"0":{"name":"(anonymous_0)","decl":{"start":{"line":11,"column":26},"end":{"line":11,"column":32}},"loc":{"start":{"line":11,"column":32},"end":{"line":172,"column":null}},"line":11},"1":{"name":"(anonymous_1)","decl":{"start":{"line":23,"column":31},"end":{"line":23,"column":37}},"loc":{"start":{"line":23,"column":31},"end":{"line":23,"column":56}},"line":23},"2":{"name":"(anonymous_2)","decl":{"start":{"line":26,"column":12},"end":{"line":26,"column":18}},"loc":{"start":{"line":26,"column":18},"end":{"line":31,"column":5}},"line":26},"3":{"name":"(anonymous_3)","decl":{"start":{"line":27,"column":52},"end":{"line":27,"column":53}},"loc":{"start":{"line":27,"column":67},"end":{"line":30,"column":5}},"line":27},"4":{"name":"(anonymous_4)","decl":{"start":{"line":35,"column":12},"end":{"line":35,"column":18}},"loc":{"start":{"line":35,"column":18},"end":{"line":47,"column":5}},"line":35},"5":{"name":"(anonymous_5)","decl":{"start":{"line":38,"column":36},"end":{"line":38,"column":37}},"loc":{"start":{"line":38,"column":43},"end":{"line":38,"column":49}},"line":38},"6":{"name":"(anonymous_6)","decl":{"start":{"line":39,"column":51},"end":{"line":39,"column":52}},"loc":{"start":{"line":39,"column":64},"end":{"line":45,"column":7}},"line":39},"7":{"name":"(anonymous_7)","decl":{"start":{"line":41,"column":24},"end":{"line":41,"column":25}},"loc":{"start":{"line":41,"column":36},"end":{"line":43,"column":9}},"line":41},"8":{"name":"(anonymous_8)","decl":{"start":{"line":49,"column":24},"end":{"line":49,"column":25}},"loc":{"start":{"line":49,"column":75},"end":{"line":55,"column":null}},"line":49},"9":{"name":"(anonymous_9)","decl":{"start":{"line":51,"column":19},"end":{"line":51,"column":20}},"loc":{"start":{"line":51,"column":29},"end":{"line":51,"column":47}},"line":51},"10":{"name":"(anonymous_10)","decl":{"start":{"line":62,"column":25},"end":{"line":62,"column":26}},"loc":{"start":{"line":62,"column":39},"end":{"line":89,"column":9}},"line":62},"11":{"name":"(anonymous_11)","decl":{"start":{"line":128,"column":34},"end":{"line":128,"column":35}},"loc":{"start":{"line":128,"column":49},"end":{"line":167,"column":9}},"line":128},"12":{"name":"(anonymous_12)","decl":{"start":{"line":136,"column":23},"end":{"line":136,"column":24}},"loc":{"start":{"line":136,"column":34},"end":{"line":136,"column":null}},"line":136}},"branchMap":{"0":{"loc":{"start":{"line":16,"column":5},"end":{"line":16,"column":null}},"type":"binary-expr","locations":[{"start":{"line":16,"column":5},"end":{"line":16,"column":60}},{"start":{"line":16,"column":60},"end":{"line":16,"column":null}}],"line":16},"1":{"loc":{"start":{"line":33,"column":22},"end":{"line":33,"column":null}},"type":"binary-expr","locations":[{"start":{"line":33,"column":22},"end":{"line":33,"column":44}},{"start":{"line":33,"column":44},"end":{"line":33,"column":null}}],"line":33},"2":{"loc":{"start":{"line":36,"column":4},"end":{"line":46,"column":null}},"type":"if","locations":[{"start":{"line":36,"column":4},"end":{"line":46,"column":null}},{"start":{},"end":{}}],"line":36},"3":{"loc":{"start":{"line":50,"column":4},"end":{"line":54,"column":null}},"type":"if","locations":[{"start":{"line":50,"column":4},"end":{"line":54,"column":null}},{"start":{"line":52,"column":11},"end":{"line":54,"column":null}}],"line":50},"4":{"loc":{"start":{"line":59,"column":2},"end":{"line":103,"column":null}},"type":"if","locations":[{"start":{"line":59,"column":2},"end":{"line":103,"column":null}},{"start":{},"end":{}}],"line":59},"5":{"loc":{"start":{"line":63,"column":26},"end":{"line":63,"column":null}},"type":"binary-expr","locations":[{"start":{"line":63,"column":26},"end":{"line":63,"column":54}},{"start":{"line":63,"column":54},"end":{"line":63,"column":null}}],"line":63},"6":{"loc":{"start":{"line":81,"column":17},"end":{"line":84,"column":null}},"type":"binary-expr","locations":[{"start":{"line":81,"column":17},"end":{"line":81,"column":null}},{"start":{"line":82,"column":18},"end":{"line":84,"column":null}}],"line":81},"7":{"loc":{"start":{"line":125,"column":50},"end":{"line":125,"column":89}},"type":"binary-expr","locations":[{"start":{"line":125,"column":50},"end":{"line":125,"column":68}},{"start":{"line":125,"column":68},"end":{"line":125,"column":89}}],"line":125},"8":{"loc":{"start":{"line":131,"column":27},"end":{"line":131,"column":null}},"type":"binary-expr","locations":[{"start":{"line":131,"column":27},"end":{"line":131,"column":39}},{"start":{"line":131,"column":39},"end":{"line":131,"column":null}}],"line":131},"9":{"loc":{"start":{"line":141,"column":25},"end":{"line":141,"column":null}},"type":"cond-expr","locations":[{"start":{"line":141,"column":36},"end":{"line":141,"column":40}},{"start":{"line":141,"column":40},"end":{"line":141,"column":null}}],"line":141},"10":{"loc":{"start":{"line":142,"column":27},"end":{"line":142,"column":null}},"type":"cond-expr","locations":[{"start":{"line":142,"column":38},"end":{"line":142,"column":42}},{"start":{"line":142,"column":42},"end":{"line":142,"column":null}}],"line":142},"11":{"loc":{"start":{"line":143,"column":19},"end":{"line":143,"column":null}},"type":"cond-expr","locations":[{"start":{"line":143,"column":30},"end":{"line":143,"column":34}},{"start":{"line":143,"column":34},"end":{"line":143,"column":null}}],"line":143},"12":{"loc":{"start":{"line":144,"column":19},"end":{"line":144,"column":null}},"type":"cond-expr","locations":[{"start":{"line":144,"column":30},"end":{"line":144,"column":34}},{"start":{"line":144,"column":34},"end":{"line":144,"column":null}}],"line":144},"13":{"loc":{"start":{"line":148,"column":33},"end":{"line":152,"column":null}},"type":"cond-expr","locations":[{"start":{"line":149,"column":20},"end":{"line":149,"column":null}},{"start":{"line":150,"column":20},"end":{"line":152,"column":null}}],"line":148},"14":{"loc":{"start":{"line":150,"column":20},"end":{"line":152,"column":null}},"type":"cond-expr","locations":[{"start":{"line":151,"column":22},"end":{"line":151,"column":null}},{"start":{"line":152,"column":22},"end":{"line":152,"column":null}}],"line":150},"15":{"loc":{"start":{"line":150,"column":20},"end":{"line":150,"column":null}},"type":"binary-expr","locations":[{"start":{"line":150,"column":20},"end":{"line":150,"column":32}},{"start":{"line":150,"column":32},"end":{"line":150,"column":null}}],"line":150},"16":{"loc":{"start":{"line":154,"column":35},"end":{"line":158,"column":null}},"type":"cond-expr","locations":[{"start":{"line":155,"column":22},"end":{"line":155,"column":null}},{"start":{"line":156,"column":22},"end":{"line":158,"column":null}}],"line":154},"17":{"loc":{"start":{"line":156,"column":22},"end":{"line":158,"column":null}},"type":"cond-expr","locations":[{"start":{"line":157,"column":24},"end":{"line":157,"column":null}},{"start":{"line":158,"column":24},"end":{"line":158,"column":null}}],"line":156},"18":{"loc":{"start":{"line":156,"column":22},"end":{"line":156,"column":null}},"type":"binary-expr","locations":[{"start":{"line":156,"column":22},"end":{"line":156,"column":34}},{"start":{"line":156,"column":34},"end":{"line":156,"column":null}}],"line":156},"19":{"loc":{"start":{"line":159,"column":26},"end":{"line":159,"column":null}},"type":"cond-expr","locations":[{"start":{"line":159,"column":37},"end":{"line":159,"column":49}},{"start":{"line":159,"column":49},"end":{"line":159,"column":null}}],"line":159}},"s":{"0":1,"1":0,"2":0,"3":0,"4":0,"5":0,"6":0,"7":0,"8":0,"9":0,"10":0,"11":0,"12":0,"13":0,"14":0,"15":0,"16":0,"17":0,"18":0,"19":0,"20":0,"21":0,"22":0,"23":0,"24":0,"25":0,"26":0,"27":0,"28":0,"29":0,"30":0,"31":0,"32":0,"33":0,"34":0,"35":0,"36":0,"37":0,"38":0},"f":{"0":0,"1":0,"2":0,"3":0,"4":0,"5":0,"6":0,"7":0,"8":0,"9":0,"10":0,"11":0,"12":0},"b":{"0":[0,0],"1":[0,0],"2":[0,0],"3":[0,0],"4":[0,0],"5":[0,0],"6":[0,0],"7":[0,0],"8":[0,0],"9":[0,0],"10":[0,0],"11":[0,0],"12":[0,0],"13":[0,0],"14":[0,0],"15":[0,0],"16":[0,0],"17":[0,0],"18":[0,0],"19":[0,0]},"meta":{"lastBranch":20,"lastFunction":13,"lastStatement":39,"seen":{"s:11:26:172:Infinity":0,"f:11:26:11:32":0,"s:12:30:12:Infinity":1,"s:13:32:13:Infinity":2,"s:14:38:14:Infinity":3,"s:15:16:17:Infinity":4,"b:16:5:16:60:16:60:16:Infinity":0,"s:18:42:18:Infinity":5,"s:19:50:21:Infinity":6,"s:23:8:23:Infinity":7,"f:23:31:23:37":1,"s:23:31:23:56":8,"s:26:2:31:Infinity":9,"f:26:12:26:18":2,"s:27:4:30:Infinity":10,"f:27:52:27:53":3,"s:28:6:28:Infinity":11,"s:29:6:29:Infinity":12,"s:33:22:33:Infinity":13,"b:33:22:33:44:33:44:33:Infinity":1,"s:35:2:47:Infinity":14,"f:35:12:35:18":4,"b:36:4:46:Infinity:undefined:undefined:undefined:undefined":2,"s:36:4:46:Infinity":15,"s:38:20:38:Infinity":16,"f:38:36:38:37":5,"s:38:43:38:49":17,"s:39:6:45:Infinity":18,"f:39:51:39:52":6,"s:40:25:40:Infinity":19,"s:41:8:43:Infinity":20,"f:41:24:41:25":7,"s:42:10:42:Infinity":21,"s:44:8:44:Infinity":22,"s:49:24:55:Infinity":23,"f:49:24:49:25":8,"b:50:4:54:Infinity:52:11:54:Infinity":3,"s:50:4:54:Infinity":24,"s:51:6:51:Infinity":25,"f:51:19:51:20":9,"s:51:29:51:47":26,"s:53:6:53:Infinity":27,"s:57:33:57:Infinity":28,"b:59:2:103:Infinity:undefined:undefined:undefined:undefined":4,"s:59:2:103:Infinity":29,"s:60:4:101:Infinity":30,"f:62:25:62:26":10,"s:63:26:63:Infinity":31,"b:63:26:63:54:63:54:63:Infinity":5,"s:64:10:87:Infinity":32,"b:81:17:81:Infinity:82:18:84:Infinity":6,"s:105:2:170:Infinity":33,"b:125:50:125:68:125:68:125:89":7,"f:128:34:128:35":11,"s:129:28:129:Infinity":34,"s:130:30:130:Infinity":35,"s:131:27:131:Infinity":36,"b:131:27:131:39:131:39:131:Infinity":8,"s:133:10:165:Infinity":37,"f:136:23:136:24":12,"s:136:34:136:Infinity":38,"b:141:36:141:40:141:40:141:Infinity":9,"b:142:38:142:42:142:42:142:Infinity":10,"b:143:30:143:34:143:34:143:Infinity":11,"b:144:30:144:34:144:34:144:Infinity":12,"b:149:20:149:Infinity:150:20:152:Infinity":13,"b:151:22:151:Infinity:152:22:152:Infinity":14,"b:150:20:150:32:150:32:150:Infinity":15,"b:155:22:155:Infinity:156:22:158:Infinity":16,"b:157:24:157:Infinity:158:24:158:Infinity":17,"b:156:22:156:34:156:34:156:Infinity":18,"b:159:37:159:49:159:49:159:Infinity":19}}}
,"/home/george/projects/hanlearn/web-client/src/components/Home/FeatureHighlights/FeatureHighlights.tsx": {"path":"/home/george/projects/hanlearn/web-client/src/components/Home/FeatureHighlights/FeatureHighlights.tsx","statementMap":{"0":{"start":{"line":17,"column":28},"end":{"line":36,"column":null}},"1":{"start":{"line":38,"column":36},"end":{"line":79,"column":null}},"2":{"start":{"line":39,"column":2},"end":{"line":79,"column":null}},"3":{"start":{"line":49,"column":23},"end":{"line":49,"column":null}},"4":{"start":{"line":50,"column":10},"end":{"line":74,"column":null}}},"fnMap":{"0":{"name":"(anonymous_0)","decl":{"start":{"line":38,"column":36},"end":{"line":38,"column":null}},"loc":{"start":{"line":39,"column":2},"end":{"line":79,"column":null}},"line":39},"1":{"name":"(anonymous_1)","decl":{"start":{"line":48,"column":22},"end":{"line":48,"column":23}},"loc":{"start":{"line":48,"column":35},"end":{"line":76,"column":9}},"line":48}},"branchMap":{},"s":{"0":1,"1":1,"2":1,"3":3,"4":3},"f":{"0":1,"1":3},"b":{},"meta":{"lastBranch":0,"lastFunction":2,"lastStatement":5,"seen":{"s:17:28:36:Infinity":0,"s:38:36:79:Infinity":1,"f:38:36:38:Infinity":0,"s:39:2:79:Infinity":2,"f:48:22:48:23":1,"s:49:23:49:Infinity":3,"s:50:10:74:Infinity":4}}}
,"/home/george/projects/hanlearn/web-client/src/components/Home/Footer/Footer.tsx": {"path":"/home/george/projects/hanlearn/web-client/src/components/Home/Footer/Footer.tsx","statementMap":{"0":{"start":{"line":8,"column":25},"end":{"line":45,"column":null}},"1":{"start":{"line":9,"column":2},"end":{"line":45,"column":null}}},"fnMap":{"0":{"name":"(anonymous_0)","decl":{"start":{"line":8,"column":25},"end":{"line":8,"column":null}},"loc":{"start":{"line":9,"column":2},"end":{"line":45,"column":null}},"line":9}},"branchMap":{},"s":{"0":1,"1":1},"f":{"0":1},"b":{},"meta":{"lastBranch":0,"lastFunction":1,"lastStatement":2,"seen":{"s:8:25:45:Infinity":0,"f:8:25:8:Infinity":0,"s:9:2:45:Infinity":1}}}
,"/home/george/projects/hanlearn/web-client/src/components/Home/HowItWorks/HowItWorks.tsx": {"path":"/home/george/projects/hanlearn/web-client/src/components/Home/HowItWorks/HowItWorks.tsx","statementMap":{"0":{"start":{"line":18,"column":22},"end":{"line":47,"column":null}},"1":{"start":{"line":49,"column":29},"end":{"line":105,"column":null}},"2":{"start":{"line":50,"column":2},"end":{"line":105,"column":null}},"3":{"start":{"line":59,"column":21},"end":{"line":59,"column":null}},"4":{"start":{"line":60,"column":8},"end":{"line":101,"column":null}}},"fnMap":{"0":{"name":"(anonymous_0)","decl":{"start":{"line":49,"column":29},"end":{"line":49,"column":null}},"loc":{"start":{"line":50,"column":2},"end":{"line":105,"column":null}},"line":50},"1":{"name":"(anonymous_1)","decl":{"start":{"line":58,"column":17},"end":{"line":58,"column":18}},"loc":{"start":{"line":58,"column":27},"end":{"line":103,"column":7}},"line":58}},"branchMap":{},"s":{"0":1,"1":1,"2":1,"3":4,"4":4},"f":{"0":1,"1":4},"b":{},"meta":{"lastBranch":0,"lastFunction":2,"lastStatement":5,"seen":{"s:18:22:47:Infinity":0,"s:49:29:105:Infinity":1,"f:49:29:49:Infinity":0,"s:50:2:105:Infinity":2,"f:58:17:58:18":1,"s:59:21:59:Infinity":3,"s:60:8:101:Infinity":4}}}
,"/home/george/projects/hanlearn/web-client/src/components/Home/MainBanner/MainBanner.tsx": {"path":"/home/george/projects/hanlearn/web-client/src/components/Home/MainBanner/MainBanner.tsx","statementMap":{"0":{"start":{"line":11,"column":18},"end":{"line":15,"column":null}},"1":{"start":{"line":18,"column":25},"end":{"line":22,"column":null}},"2":{"start":{"line":19,"column":2},"end":{"line":19,"column":null}},"3":{"start":{"line":19,"column":23},"end":{"line":19,"column":null}},"4":{"start":{"line":20,"column":2},"end":{"line":20,"column":null}},"5":{"start":{"line":20,"column":23},"end":{"line":20,"column":null}},"6":{"start":{"line":21,"column":2},"end":{"line":21,"column":null}},"7":{"start":{"line":24,"column":18},"end":{"line":33,"column":null}},"8":{"start":{"line":40,"column":46},"end":{"line":202,"column":null}},"9":{"start":{"line":41,"column":57},"end":{"line":41,"column":null}},"10":{"start":{"line":42,"column":32},"end":{"line":42,"column":null}},"11":{"start":{"line":44,"column":2},"end":{"line":47,"column":null}},"12":{"start":{"line":45,"column":15},"end":{"line":45,"column":null}},"13":{"start":{"line":45,"column":43},"end":{"line":45,"column":59}},"14":{"start":{"line":46,"column":4},"end":{"line":46,"column":null}},"15":{"start":{"line":46,"column":17},"end":{"line":46,"column":null}},"16":{"start":{"line":48,"column":24},"end":{"line":48,"column":null}},"17":{"start":{"line":49,"column":20},"end":{"line":49,"column":null}},"18":{"start":{"line":50,"column":21},"end":{"line":50,"column":null}},"19":{"start":{"line":51,"column":24},"end":{"line":51,"column":null}},"20":{"start":{"line":53,"column":2},"end":{"line":200,"column":null}},"21":{"start":{"line":103,"column":27},"end":{"line":103,"column":null}},"22":{"start":{"line":104,"column":10},"end":{"line":138,"column":null}}},"fnMap":{"0":{"name":"(anonymous_0)","decl":{"start":{"line":18,"column":25},"end":{"line":18,"column":26}},"loc":{"start":{"line":18,"column":55},"end":{"line":22,"column":null}},"line":18},"1":{"name":"(anonymous_1)","decl":{"start":{"line":40,"column":46},"end":{"line":40,"column":47}},"loc":{"start":{"line":40,"column":84},"end":{"line":202,"column":null}},"line":40},"2":{"name":"(anonymous_2)","decl":{"start":{"line":44,"column":18},"end":{"line":44,"column":24}},"loc":{"start":{"line":44,"column":24},"end":{"line":47,"column":5}},"line":44},"3":{"name":"(anonymous_3)","decl":{"start":{"line":45,"column":37},"end":{"line":45,"column":43}},"loc":{"start":{"line":45,"column":43},"end":{"line":45,"column":59}},"line":45},"4":{"name":"(anonymous_4)","decl":{"start":{"line":46,"column":11},"end":{"line":46,"column":17}},"loc":{"start":{"line":46,"column":17},"end":{"line":46,"column":null}},"line":46},"5":{"name":"(anonymous_5)","decl":{"start":{"line":102,"column":23},"end":{"line":102,"column":24}},"loc":{"start":{"line":102,"column":36},"end":{"line":140,"column":9}},"line":102}},"branchMap":{"0":{"loc":{"start":{"line":19,"column":2},"end":{"line":19,"column":null}},"type":"if","locations":[{"start":{"line":19,"column":2},"end":{"line":19,"column":null}},{"start":{},"end":{}}],"line":19},"1":{"loc":{"start":{"line":20,"column":2},"end":{"line":20,"column":null}},"type":"if","locations":[{"start":{"line":20,"column":2},"end":{"line":20,"column":null}},{"start":{},"end":{}}],"line":20},"2":{"loc":{"start":{"line":49,"column":20},"end":{"line":49,"column":null}},"type":"cond-expr","locations":[{"start":{"line":49,"column":36},"end":{"line":49,"column":48}},{"start":{"line":49,"column":48},"end":{"line":49,"column":null}}],"line":49},"3":{"loc":{"start":{"line":125,"column":27},"end":{"line":125,"column":null}},"type":"cond-expr","locations":[{"start":{"line":125,"column":49},"end":{"line":125,"column":53}},{"start":{"line":125,"column":53},"end":{"line":125,"column":null}}],"line":125},"4":{"loc":{"start":{"line":125,"column":27},"end":{"line":125,"column":49}},"type":"binary-expr","locations":[{"start":{"line":125,"column":27},"end":{"line":125,"column":39}},{"start":{"line":125,"column":39},"end":{"line":125,"column":49}}],"line":125},"5":{"loc":{"start":{"line":126,"column":29},"end":{"line":126,"column":null}},"type":"cond-expr","locations":[{"start":{"line":126,"column":51},"end":{"line":126,"column":69}},{"start":{"line":126,"column":69},"end":{"line":126,"column":null}}],"line":126},"6":{"loc":{"start":{"line":126,"column":29},"end":{"line":126,"column":51}},"type":"binary-expr","locations":[{"start":{"line":126,"column":29},"end":{"line":126,"column":41}},{"start":{"line":126,"column":41},"end":{"line":126,"column":51}}],"line":126},"7":{"loc":{"start":{"line":128,"column":33},"end":{"line":128,"column":null}},"type":"cond-expr","locations":[{"start":{"line":128,"column":44},"end":{"line":128,"column":53}},{"start":{"line":128,"column":53},"end":{"line":128,"column":null}}],"line":128},"8":{"loc":{"start":{"line":143,"column":9},"end":{"line":197,"column":null}},"type":"binary-expr","locations":[{"start":{"line":143,"column":9},"end":{"line":143,"column":null}},{"start":{"line":144,"column":10},"end":{"line":197,"column":null}}],"line":143}},"s":{"0":1,"1":1,"2":1,"3":1,"4":0,"5":0,"6":0,"7":1,"8":1,"9":1,"10":1,"11":1,"12":1,"13":0,"14":1,"15":1,"16":1,"17":1,"18":1,"19":1,"20":1,"21":3,"22":3},"f":{"0":1,"1":1,"2":1,"3":0,"4":1,"5":3},"b":{"0":[1,0],"1":[0,0],"2":[1,0],"3":[0,3],"4":[3,1],"5":[0,3],"6":[3,1],"7":[1,2],"8":[1,1]},"meta":{"lastBranch":9,"lastFunction":6,"lastStatement":23,"seen":{"s:11:18:15:Infinity":0,"s:18:25:22:Infinity":1,"f:18:25:18:26":0,"b:19:2:19:Infinity:undefined:undefined:undefined:undefined":0,"s:19:2:19:Infinity":2,"s:19:23:19:Infinity":3,"b:20:2:20:Infinity:undefined:undefined:undefined:undefined":1,"s:20:2:20:Infinity":4,"s:20:23:20:Infinity":5,"s:21:2:21:Infinity":6,"s:24:18:33:Infinity":7,"s:40:46:202:Infinity":8,"f:40:46:40:47":1,"s:41:57:41:Infinity":9,"s:42:32:42:Infinity":10,"s:44:2:47:Infinity":11,"f:44:18:44:24":2,"s:45:15:45:Infinity":12,"f:45:37:45:43":3,"s:45:43:45:59":13,"s:46:4:46:Infinity":14,"f:46:11:46:17":4,"s:46:17:46:Infinity":15,"s:48:24:48:Infinity":16,"s:49:20:49:Infinity":17,"b:49:36:49:48:49:48:49:Infinity":2,"s:50:21:50:Infinity":18,"s:51:24:51:Infinity":19,"s:53:2:200:Infinity":20,"f:102:23:102:24":5,"s:103:27:103:Infinity":21,"s:104:10:138:Infinity":22,"b:125:49:125:53:125:53:125:Infinity":3,"b:125:27:125:39:125:39:125:49":4,"b:126:51:126:69:126:69:126:Infinity":5,"b:126:29:126:41:126:41:126:51":6,"b:128:44:128:53:128:53:128:Infinity":7,"b:143:9:143:Infinity:144:10:197:Infinity":8}}}
,"/home/george/projects/hanlearn/web-client/src/components/Home/SignUpBanner/SignUpBanner.tsx": {"path":"/home/george/projects/hanlearn/web-client/src/components/Home/SignUpBanner/SignUpBanner.tsx","statementMap":{"0":{"start":{"line":12,"column":50},"end":{"line":58,"column":null}},"1":{"start":{"line":13,"column":2},"end":{"line":58,"column":null}}},"fnMap":{"0":{"name":"(anonymous_0)","decl":{"start":{"line":12,"column":50},"end":{"line":12,"column":51}},"loc":{"start":{"line":13,"column":2},"end":{"line":58,"column":null}},"line":13}},"branchMap":{},"s":{"0":1,"1":1},"f":{"0":1},"b":{},"meta":{"lastBranch":0,"lastFunction":1,"lastStatement":2,"seen":{"s:12:50:58:Infinity":0,"f:12:50:12:51":0,"s:13:2:58:Infinity":1}}}
,"/home/george/projects/hanlearn/web-client/src/components/Layout/Layout.tsx": {"path":"/home/george/projects/hanlearn/web-client/src/components/Layout/Layout.tsx","statementMap":{"0":{"start":{"line":14,"column":24},"end":{"line":18,"column":null}},"1":{"start":{"line":15,"column":2},"end":{"line":17,"column":null}},"2":{"start":{"line":20,"column":6},"end":{"line":20,"column":null}},"3":{"start":{"line":29,"column":32},"end":{"line":69,"column":null}},"4":{"start":{"line":30,"column":24},"end":{"line":32,"column":null}},"5":{"start":{"line":34,"column":34},"end":{"line":36,"column":null}},"6":{"start":{"line":35,"column":4},"end":{"line":35,"column":null}},"7":{"start":{"line":38,"column":34},"end":{"line":40,"column":null}},"8":{"start":{"line":39,"column":4},"end":{"line":39,"column":null}},"9":{"start":{"line":39,"column":29},"end":{"line":39,"column":75}},"10":{"start":{"line":42,"column":2},"end":{"line":67,"column":null}}},"fnMap":{"0":{"name":"(anonymous_0)","decl":{"start":{"line":14,"column":24},"end":{"line":14,"column":25}},"loc":{"start":{"line":14,"column":46},"end":{"line":18,"column":null}},"line":14},"1":{"name":"(anonymous_1)","decl":{"start":{"line":29,"column":32},"end":{"line":29,"column":33}},"loc":{"start":{"line":29,"column":67},"end":{"line":69,"column":null}},"line":29},"2":{"name":"(anonymous_2)","decl":{"start":{"line":34,"column":34},"end":{"line":34,"column":46}},"loc":{"start":{"line":34,"column":46},"end":{"line":36,"column":null}},"line":34},"3":{"name":"(anonymous_3)","decl":{"start":{"line":38,"column":34},"end":{"line":38,"column":46}},"loc":{"start":{"line":38,"column":46},"end":{"line":40,"column":null}},"line":38},"4":{"name":"(anonymous_4)","decl":{"start":{"line":39,"column":13},"end":{"line":39,"column":14}},"loc":{"start":{"line":39,"column":29},"end":{"line":39,"column":75}},"line":39}},"branchMap":{"0":{"loc":{"start":{"line":50,"column":7},"end":{"line":50,"column":null}},"type":"binary-expr","locations":[{"start":{"line":50,"column":7},"end":{"line":50,"column":26}},{"start":{"line":50,"column":26},"end":{"line":50,"column":null}}],"line":50},"1":{"loc":{"start":{"line":59,"column":14},"end":{"line":62,"column":null}},"type":"binary-expr","locations":[{"start":{"line":59,"column":14},"end":{"line":59,"column":33}},{"start":{"line":59,"column":33},"end":{"line":62,"column":null}}],"line":59}},"s":{"0":1,"1":4,"2":1,"3":1,"4":1,"5":1,"6":0,"7":1,"8":0,"9":0,"10":1},"f":{"0":4,"1":1,"2":0,"3":0,"4":0},"b":{"0":[1,0],"1":[1,0]},"meta":{"lastBranch":2,"lastFunction":5,"lastStatement":11,"seen":{"s:14:24:18:Infinity":0,"f:14:24:14:25":0,"s:15:2:17:Infinity":1,"s:20:6:20:Infinity":2,"s:29:32:69:Infinity":3,"f:29:32:29:33":1,"s:30:24:32:Infinity":4,"s:34:34:36:Infinity":5,"f:34:34:34:46":2,"s:35:4:35:Infinity":6,"s:38:34:40:Infinity":7,"f:38:34:38:46":3,"s:39:4:39:Infinity":8,"f:39:13:39:14":4,"s:39:29:39:75":9,"s:42:2:67:Infinity":10,"b:50:7:50:26:50:26:50:Infinity":0,"b:59:14:59:33:59:33:62:Infinity":1}}}
,"/home/george/projects/hanlearn/web-client/src/components/Logo/Logo.tsx": {"path":"/home/george/projects/hanlearn/web-client/src/components/Logo/Logo.tsx","statementMap":{"0":{"start":{"line":11,"column":34},"end":{"line":22,"column":null}},"1":{"start":{"line":12,"column":16},"end":{"line":12,"column":null}},"2":{"start":{"line":14,"column":2},"end":{"line":16,"column":null}},"3":{"start":{"line":15,"column":4},"end":{"line":15,"column":null}},"4":{"start":{"line":17,"column":2},"end":{"line":20,"column":null}}},"fnMap":{"0":{"name":"(anonymous_0)","decl":{"start":{"line":11,"column":34},"end":{"line":11,"column":35}},"loc":{"start":{"line":11,"column":45},"end":{"line":22,"column":null}},"line":11}},"branchMap":{"0":{"loc":{"start":{"line":14,"column":2},"end":{"line":16,"column":null}},"type":"if","locations":[{"start":{"line":14,"column":2},"end":{"line":16,"column":null}},{"start":{},"end":{}}],"line":14}},"s":{"0":1,"1":0,"2":0,"3":0,"4":0},"f":{"0":0},"b":{"0":[0,0]},"meta":{"lastBranch":1,"lastFunction":1,"lastStatement":5,"seen":{"s:11:34:22:Infinity":0,"f:11:34:11:35":0,"s:12:16:12:Infinity":1,"b:14:2:16:Infinity:undefined:undefined:undefined:undefined":0,"s:14:2:16:Infinity":2,"s:15:4:15:Infinity":3,"s:17:2:20:Infinity":4}}}
,"/home/george/projects/hanlearn/web-client/src/components/Navigation/NavigationItems/NavigationItems.tsx": {"path":"/home/george/projects/hanlearn/web-client/src/components/Navigation/NavigationItems/NavigationItems.tsx","statementMap":{"0":{"start":{"line":15,"column":27},"end":{"line":18,"column":null}},"1":{"start":{"line":20,"column":6},"end":{"line":20,"column":null}},"2":{"start":{"line":32,"column":41},"end":{"line":150,"column":null}},"3":{"start":{"line":34,"column":2},"end":{"line":120,"column":null}},"4":{"start":{"line":35,"column":4},"end":{"line":73,"column":null}},"5":{"start":{"line":36,"column":20},"end":{"line":41,"column":null}},"6":{"start":{"line":43,"column":6},"end":{"line":71,"column":null}},"7":{"start":{"line":46,"column":12},"end":{"line":58,"column":null}},"8":{"start":{"line":63,"column":16},"end":{"line":63,"column":null}},"9":{"start":{"line":64,"column":16},"end":{"line":64,"column":null}},"10":{"start":{"line":75,"column":24},"end":{"line":77,"column":null}},"11":{"start":{"line":79,"column":4},"end":{"line":118,"column":null}},"12":{"start":{"line":82,"column":10},"end":{"line":94,"column":null}},"13":{"start":{"line":99,"column":14},"end":{"line":99,"column":null}},"14":{"start":{"line":100,"column":14},"end":{"line":100,"column":null}},"15":{"start":{"line":110,"column":14},"end":{"line":110,"column":null}},"16":{"start":{"line":111,"column":14},"end":{"line":111,"column":null}},"17":{"start":{"line":123,"column":2},"end":{"line":138,"column":null}},"18":{"start":{"line":124,"column":4},"end":{"line":136,"column":null}},"19":{"start":{"line":131,"column":25},"end":{"line":131,"column":null}},"20":{"start":{"line":140,"column":2},"end":{"line":148,"column":null}},"21":{"start":{"line":143,"column":23},"end":{"line":143,"column":null}}},"fnMap":{"0":{"name":"(anonymous_0)","decl":{"start":{"line":32,"column":41},"end":{"line":32,"column":42}},"loc":{"start":{"line":32,"column":52},"end":{"line":150,"column":null}},"line":32},"1":{"name":"(anonymous_1)","decl":{"start":{"line":45,"column":21},"end":{"line":45,"column":22}},"loc":{"start":{"line":46,"column":12},"end":{"line":58,"column":null}},"line":46},"2":{"name":"(anonymous_2)","decl":{"start":{"line":62,"column":23},"end":{"line":62,"column":29}},"loc":{"start":{"line":62,"column":29},"end":{"line":65,"column":null}},"line":62},"3":{"name":"(anonymous_3)","decl":{"start":{"line":81,"column":25},"end":{"line":81,"column":26}},"loc":{"start":{"line":82,"column":10},"end":{"line":94,"column":null}},"line":82},"4":{"name":"(anonymous_4)","decl":{"start":{"line":98,"column":21},"end":{"line":98,"column":27}},"loc":{"start":{"line":98,"column":27},"end":{"line":101,"column":null}},"line":98},"5":{"name":"(anonymous_5)","decl":{"start":{"line":109,"column":21},"end":{"line":109,"column":27}},"loc":{"start":{"line":109,"column":27},"end":{"line":112,"column":null}},"line":109},"6":{"name":"(anonymous_6)","decl":{"start":{"line":131,"column":19},"end":{"line":131,"column":25}},"loc":{"start":{"line":131,"column":25},"end":{"line":131,"column":null}},"line":131},"7":{"name":"(anonymous_7)","decl":{"start":{"line":143,"column":17},"end":{"line":143,"column":23}},"loc":{"start":{"line":143,"column":23},"end":{"line":143,"column":null}},"line":143}},"branchMap":{"0":{"loc":{"start":{"line":34,"column":2},"end":{"line":120,"column":null}},"type":"if","locations":[{"start":{"line":34,"column":2},"end":{"line":120,"column":null}},{"start":{},"end":{}}],"line":34},"1":{"loc":{"start":{"line":35,"column":4},"end":{"line":73,"column":null}},"type":"if","locations":[{"start":{"line":35,"column":4},"end":{"line":73,"column":null}},{"start":{},"end":{}}],"line":35},"2":{"loc":{"start":{"line":123,"column":2},"end":{"line":138,"column":null}},"type":"if","locations":[{"start":{"line":123,"column":2},"end":{"line":138,"column":null}},{"start":{},"end":{}}],"line":123}},"s":{"0":1,"1":1,"2":1,"3":1,"4":0,"5":0,"6":0,"7":0,"8":0,"9":0,"10":0,"11":0,"12":0,"13":0,"14":0,"15":0,"16":0,"17":1,"18":0,"19":0,"20":1,"21":0},"f":{"0":1,"1":0,"2":0,"3":0,"4":0,"5":0,"6":0,"7":0},"b":{"0":[0,1],"1":[0,0],"2":[0,1]},"meta":{"lastBranch":3,"lastFunction":8,"lastStatement":22,"seen":{"s:15:27:18:Infinity":0,"s:20:6:20:Infinity":1,"s:32:41:150:Infinity":2,"f:32:41:32:42":0,"b:34:2:120:Infinity:undefined:undefined:undefined:undefined":0,"s:34:2:120:Infinity":3,"b:35:4:73:Infinity:undefined:undefined:undefined:undefined":1,"s:35:4:73:Infinity":4,"s:36:20:41:Infinity":5,"s:43:6:71:Infinity":6,"f:45:21:45:22":1,"s:46:12:58:Infinity":7,"f:62:23:62:29":2,"s:63:16:63:Infinity":8,"s:64:16:64:Infinity":9,"s:75:24:77:Infinity":10,"s:79:4:118:Infinity":11,"f:81:25:81:26":3,"s:82:10:94:Infinity":12,"f:98:21:98:27":4,"s:99:14:99:Infinity":13,"s:100:14:100:Infinity":14,"f:109:21:109:27":5,"s:110:14:110:Infinity":15,"s:111:14:111:Infinity":16,"b:123:2:138:Infinity:undefined:undefined:undefined:undefined":2,"s:123:2:138:Infinity":17,"s:124:4:136:Infinity":18,"f:131:19:131:25":6,"s:131:25:131:Infinity":19,"s:140:2:148:Infinity":20,"f:143:17:143:23":7,"s:143:23:143:Infinity":21}}}
,"/home/george/projects/hanlearn/web-client/src/components/Navigation/NavigationItems/Dropdown/Dropdown.tsx": {"path":"/home/george/projects/hanlearn/web-client/src/components/Navigation/NavigationItems/Dropdown/Dropdown.tsx","statementMap":{"0":{"start":{"line":12,"column":42},"end":{"line":45,"column":null}},"1":{"start":{"line":13,"column":30},"end":{"line":13,"column":null}},"2":{"start":{"line":14,"column":15},"end":{"line":14,"column":null}},"3":{"start":{"line":16,"column":22},"end":{"line":18,"column":null}},"4":{"start":{"line":17,"column":4},"end":{"line":17,"column":null}},"5":{"start":{"line":20,"column":22},"end":{"line":22,"column":null}},"6":{"start":{"line":21,"column":4},"end":{"line":21,"column":null}},"7":{"start":{"line":24,"column":2},"end":{"line":43,"column":null}}},"fnMap":{"0":{"name":"(anonymous_0)","decl":{"start":{"line":12,"column":42},"end":{"line":12,"column":43}},"loc":{"start":{"line":12,"column":61},"end":{"line":45,"column":null}},"line":12},"1":{"name":"(anonymous_1)","decl":{"start":{"line":16,"column":22},"end":{"line":16,"column":23}},"loc":{"start":{"line":16,"column":70},"end":{"line":18,"column":null}},"line":16},"2":{"name":"(anonymous_2)","decl":{"start":{"line":20,"column":22},"end":{"line":20,"column":28}},"loc":{"start":{"line":20,"column":28},"end":{"line":22,"column":null}},"line":20}},"branchMap":{"0":{"loc":{"start":{"line":28,"column":21},"end":{"line":28,"column":50}},"type":"binary-expr","locations":[{"start":{"line":28,"column":21},"end":{"line":28,"column":34}},{"start":{"line":28,"column":34},"end":{"line":28,"column":50}}],"line":28}},"s":{"0":1,"1":0,"2":0,"3":0,"4":0,"5":0,"6":0,"7":0},"f":{"0":0,"1":0,"2":0},"b":{"0":[0,0]},"meta":{"lastBranch":1,"lastFunction":3,"lastStatement":8,"seen":{"s:12:42:45:Infinity":0,"f:12:42:12:43":0,"s:13:30:13:Infinity":1,"s:14:15:14:Infinity":2,"s:16:22:18:Infinity":3,"f:16:22:16:23":1,"s:17:4:17:Infinity":4,"s:20:22:22:Infinity":5,"f:20:22:20:28":2,"s:21:4:21:Infinity":6,"s:24:2:43:Infinity":7,"b:28:21:28:34:28:34:28:50":0}}}
,"/home/george/projects/hanlearn/web-client/src/components/Navigation/NavigationItems/NavigationItem/NavigationItem.tsx": {"path":"/home/george/projects/hanlearn/web-client/src/components/Navigation/NavigationItems/NavigationItem/NavigationItem.tsx","statementMap":{"0":{"start":{"line":11,"column":54},"end":{"line":28,"column":null}},"1":{"start":{"line":12,"column":2},"end":{"line":28,"column":null}}},"fnMap":{"0":{"name":"(anonymous_0)","decl":{"start":{"line":11,"column":54},"end":{"line":11,"column":55}},"loc":{"start":{"line":12,"column":2},"end":{"line":28,"column":null}},"line":12}},"branchMap":{"0":{"loc":{"start":{"line":17,"column":13},"end":{"line":17,"column":null}},"type":"binary-expr","locations":[{"start":{"line":17,"column":13},"end":{"line":17,"column":32}},{"start":{"line":17,"column":32},"end":{"line":17,"column":null}}],"line":17},"1":{"loc":{"start":{"line":23,"column":35},"end":{"line":23,"column":61}},"type":"binary-expr","locations":[{"start":{"line":23,"column":35},"end":{"line":23,"column":54}},{"start":{"line":23,"column":54},"end":{"line":23,"column":61}}],"line":23}},"s":{"0":1,"1":0},"f":{"0":0},"b":{"0":[0,0],"1":[0,0]},"meta":{"lastBranch":2,"lastFunction":1,"lastStatement":2,"seen":{"s:11:54:28:Infinity":0,"f:11:54:11:55":0,"s:12:2:28:Infinity":1,"b:17:13:17:32:17:32:17:Infinity":0,"b:23:35:23:54:23:54:23:61":1}}}
,"/home/george/projects/hanlearn/web-client/src/components/Navigation/SideDrawer/SideDrawer.tsx": {"path":"/home/george/projects/hanlearn/web-client/src/components/Navigation/SideDrawer/SideDrawer.tsx","statementMap":{"0":{"start":{"line":14,"column":46},"end":{"line":37,"column":null}},"1":{"start":{"line":15,"column":2},"end":{"line":35,"column":null}}},"fnMap":{"0":{"name":"(anonymous_0)","decl":{"start":{"line":14,"column":46},"end":{"line":14,"column":47}},"loc":{"start":{"line":14,"column":57},"end":{"line":37,"column":null}},"line":14}},"branchMap":{},"s":{"0":1,"1":1},"f":{"0":1},"b":{},"meta":{"lastBranch":0,"lastFunction":1,"lastStatement":2,"seen":{"s:14:46:37:Infinity":0,"f:14:46:14:47":0,"s:15:2:35:Infinity":1}}}
,"/home/george/projects/hanlearn/web-client/src/components/Navigation/SideDrawer/DrawerToggle/DrawerToggle.tsx": {"path":"/home/george/projects/hanlearn/web-client/src/components/Navigation/SideDrawer/DrawerToggle/DrawerToggle.tsx","statementMap":{"0":{"start":{"line":10,"column":50},"end":{"line":17,"column":null}},"1":{"start":{"line":11,"column":2},"end":{"line":17,"column":null}}},"fnMap":{"0":{"name":"(anonymous_0)","decl":{"start":{"line":10,"column":50},"end":{"line":10,"column":51}},"loc":{"start":{"line":11,"column":2},"end":{"line":17,"column":null}},"line":11}},"branchMap":{"0":{"loc":{"start":{"line":13,"column":42},"end":{"line":13,"column":76}},"type":"binary-expr","locations":[{"start":{"line":13,"column":42},"end":{"line":13,"column":61}},{"start":{"line":13,"column":61},"end":{"line":13,"column":76}}],"line":13}},"s":{"0":1,"1":1},"f":{"0":1},"b":{"0":[1,0]},"meta":{"lastBranch":1,"lastFunction":1,"lastStatement":2,"seen":{"s:10:50:17:Infinity":0,"f:10:50:10:51":0,"s:11:2:17:Infinity":1,"b:13:42:13:61:13:61:13:76":0}}}
,"/home/george/projects/hanlearn/web-client/src/components/Navigation/Sidebar/Sidebar.tsx": {"path":"/home/george/projects/hanlearn/web-client/src/components/Navigation/Sidebar/Sidebar.tsx","statementMap":{"0":{"start":{"line":21,"column":29},"end":{"line":21,"column":null}},"1":{"start":{"line":23,"column":27},"end":{"line":25,"column":null}},"2":{"start":{"line":27,"column":6},"end":{"line":27,"column":null}},"3":{"start":{"line":30,"column":14},"end":{"line":35,"column":null}},"4":{"start":{"line":37,"column":42},"end":{"line":93,"column":null}},"5":{"start":{"line":38,"column":2},"end":{"line":91,"column":null}},"6":{"start":{"line":58,"column":12},"end":{"line":76,"column":null}}},"fnMap":{"0":{"name":"(anonymous_0)","decl":{"start":{"line":37,"column":42},"end":{"line":37,"column":43}},"loc":{"start":{"line":37,"column":60},"end":{"line":93,"column":null}},"line":37},"1":{"name":"(anonymous_1)","decl":{"start":{"line":57,"column":21},"end":{"line":57,"column":22}},"loc":{"start":{"line":58,"column":12},"end":{"line":76,"column":null}},"line":58}},"branchMap":{},"s":{"0":1,"1":1,"2":1,"3":1,"4":1,"5":0,"6":0},"f":{"0":0,"1":0},"b":{},"meta":{"lastBranch":0,"lastFunction":2,"lastStatement":7,"seen":{"s:21:29:21:Infinity":0,"s:23:27:25:Infinity":1,"s:27:6:27:Infinity":2,"s:30:14:35:Infinity":3,"s:37:42:93:Infinity":4,"f:37:42:37:43":0,"s:38:2:91:Infinity":5,"f:57:21:57:22":1,"s:58:12:76:Infinity":6}}}
,"/home/george/projects/hanlearn/web-client/src/components/Navigation/Toolbar/Toolbar.tsx": {"path":"/home/george/projects/hanlearn/web-client/src/components/Navigation/Toolbar/Toolbar.tsx","statementMap":{"0":{"start":{"line":17,"column":40},"end":{"line":79,"column":null}},"1":{"start":{"line":18,"column":21},"end":{"line":18,"column":null}},"2":{"start":{"line":19,"column":42},"end":{"line":19,"column":null}},"3":{"start":{"line":21,"column":2},"end":{"line":35,"column":null}},"4":{"start":{"line":22,"column":4},"end":{"line":22,"column":null}},"5":{"start":{"line":22,"column":21},"end":{"line":22,"column":null}},"6":{"start":{"line":23,"column":25},"end":{"line":32,"column":null}},"7":{"start":{"line":24,"column":21},"end":{"line":24,"column":null}},"8":{"start":{"line":25,"column":6},"end":{"line":31,"column":null}},"9":{"start":{"line":26,"column":29},"end":{"line":26,"column":null}},"10":{"start":{"line":27,"column":27},"end":{"line":27,"column":null}},"11":{"start":{"line":28,"column":8},"end":{"line":28,"column":null}},"12":{"start":{"line":30,"column":8},"end":{"line":30,"column":null}},"13":{"start":{"line":33,"column":4},"end":{"line":33,"column":null}},"14":{"start":{"line":34,"column":4},"end":{"line":34,"column":null}},"15":{"start":{"line":34,"column":17},"end":{"line":34,"column":null}},"16":{"start":{"line":37,"column":22},"end":{"line":37,"column":null}},"17":{"start":{"line":38,"column":22},"end":{"line":38,"column":null}},"18":{"start":{"line":39,"column":19},"end":{"line":39,"column":null}},"19":{"start":{"line":41,"column":2},"end":{"line":77,"column":null}},"20":{"start":{"line":56,"column":25},"end":{"line":56,"column":null}}},"fnMap":{"0":{"name":"(anonymous_0)","decl":{"start":{"line":17,"column":40},"end":{"line":17,"column":41}},"loc":{"start":{"line":17,"column":51},"end":{"line":79,"column":null}},"line":17},"1":{"name":"(anonymous_1)","decl":{"start":{"line":21,"column":12},"end":{"line":21,"column":18}},"loc":{"start":{"line":21,"column":18},"end":{"line":35,"column":5}},"line":21},"2":{"name":"(anonymous_2)","decl":{"start":{"line":23,"column":25},"end":{"line":23,"column":31}},"loc":{"start":{"line":23,"column":31},"end":{"line":32,"column":null}},"line":23},"3":{"name":"(anonymous_3)","decl":{"start":{"line":34,"column":11},"end":{"line":34,"column":17}},"loc":{"start":{"line":34,"column":17},"end":{"line":34,"column":null}},"line":34},"4":{"name":"(anonymous_4)","decl":{"start":{"line":56,"column":19},"end":{"line":56,"column":25}},"loc":{"start":{"line":56,"column":25},"end":{"line":56,"column":null}},"line":56}},"branchMap":{"0":{"loc":{"start":{"line":18,"column":21},"end":{"line":18,"column":null}},"type":"binary-expr","locations":[{"start":{"line":18,"column":21},"end":{"line":18,"column":56}},{"start":{"line":18,"column":56},"end":{"line":18,"column":null}}],"line":18},"1":{"loc":{"start":{"line":22,"column":4},"end":{"line":22,"column":null}},"type":"if","locations":[{"start":{"line":22,"column":4},"end":{"line":22,"column":null}},{"start":{},"end":{}}],"line":22},"2":{"loc":{"start":{"line":25,"column":6},"end":{"line":31,"column":null}},"type":"if","locations":[{"start":{"line":25,"column":6},"end":{"line":31,"column":null}},{"start":{"line":29,"column":13},"end":{"line":31,"column":null}}],"line":25},"3":{"loc":{"start":{"line":37,"column":22},"end":{"line":37,"column":null}},"type":"cond-expr","locations":[{"start":{"line":37,"column":81},"end":{"line":37,"column":86}},{"start":{"line":37,"column":86},"end":{"line":37,"column":null}}],"line":37},"4":{"loc":{"start":{"line":37,"column":22},"end":{"line":37,"column":81}},"type":"binary-expr","locations":[{"start":{"line":37,"column":22},"end":{"line":37,"column":55}},{"start":{"line":37,"column":55},"end":{"line":37,"column":81}}],"line":37},"5":{"loc":{"start":{"line":39,"column":19},"end":{"line":39,"column":null}},"type":"cond-expr","locations":[{"start":{"line":39,"column":32},"end":{"line":39,"column":93}},{"start":{"line":39,"column":93},"end":{"line":39,"column":null}}],"line":39},"6":{"loc":{"start":{"line":45,"column":25},"end":{"line":45,"column":null}},"type":"cond-expr","locations":[{"start":{"line":45,"column":39},"end":{"line":45,"column":94}},{"start":{"line":45,"column":94},"end":{"line":45,"column":null}}],"line":45},"7":{"loc":{"start":{"line":45,"column":39},"end":{"line":45,"column":94}},"type":"cond-expr","locations":[{"start":{"line":45,"column":60},"end":{"line":45,"column":77}},{"start":{"line":45,"column":77},"end":{"line":45,"column":94}}],"line":45},"8":{"loc":{"start":{"line":46,"column":19},"end":{"line":46,"column":null}},"type":"cond-expr","locations":[{"start":{"line":46,"column":56},"end":{"line":46,"column":60}},{"start":{"line":46,"column":60},"end":{"line":46,"column":null}}],"line":46},"9":{"loc":{"start":{"line":46,"column":19},"end":{"line":46,"column":56}},"type":"binary-expr","locations":[{"start":{"line":46,"column":19},"end":{"line":46,"column":33}},{"start":{"line":46,"column":33},"end":{"line":46,"column":56}}],"line":46},"10":{"loc":{"start":{"line":47,"column":22},"end":{"line":47,"column":null}},"type":"cond-expr","locations":[{"start":{"line":47,"column":59},"end":{"line":47,"column":68}},{"start":{"line":47,"column":68},"end":{"line":47,"column":null}}],"line":47},"11":{"loc":{"start":{"line":47,"column":22},"end":{"line":47,"column":59}},"type":"binary-expr","locations":[{"start":{"line":47,"column":22},"end":{"line":47,"column":36}},{"start":{"line":47,"column":36},"end":{"line":47,"column":59}}],"line":47},"12":{"loc":{"start":{"line":52,"column":72},"end":{"line":52,"column":127}},"type":"cond-expr","locations":[{"start":{"line":52,"column":102},"end":{"line":52,"column":117}},{"start":{"line":52,"column":117},"end":{"line":52,"column":127}}],"line":52},"13":{"loc":{"start":{"line":52,"column":72},"end":{"line":52,"column":102}},"type":"binary-expr","locations":[{"start":{"line":52,"column":72},"end":{"line":52,"column":86}},{"start":{"line":52,"column":86},"end":{"line":52,"column":102}}],"line":52},"14":{"loc":{"start":{"line":52,"column":131},"end":{"line":52,"column":172}},"type":"cond-expr","locations":[{"start":{"line":52,"column":161},"end":{"line":52,"column":170}},{"start":{"line":52,"column":170},"end":{"line":52,"column":172}}],"line":52},"15":{"loc":{"start":{"line":52,"column":131},"end":{"line":52,"column":161}},"type":"binary-expr","locations":[{"start":{"line":52,"column":131},"end":{"line":52,"column":145}},{"start":{"line":52,"column":145},"end":{"line":52,"column":161}}],"line":52},"16":{"loc":{"start":{"line":71,"column":9},"end":{"line":74,"column":null}},"type":"binary-expr","locations":[{"start":{"line":71,"column":9},"end":{"line":71,"column":null}},{"start":{"line":72,"column":10},"end":{"line":74,"column":null}}],"line":71}},"s":{"0":1,"1":1,"2":1,"3":1,"4":1,"5":0,"6":1,"7":0,"8":0,"9":0,"10":0,"11":0,"12":0,"13":1,"14":1,"15":1,"16":1,"17":1,"18":1,"19":1,"20":0},"f":{"0":1,"1":1,"2":0,"3":1,"4":0},"b":{"0":[1,1],"1":[0,1],"2":[0,0],"3":[0,1],"4":[1,1],"5":[1,0],"6":[1,0],"7":[0,1],"8":[1,0],"9":[1,1],"10":[1,0],"11":[1,1],"12":[1,0],"13":[1,1],"14":[1,0],"15":[1,1],"16":[1,1]},"meta":{"lastBranch":17,"lastFunction":5,"lastStatement":21,"seen":{"s:17:40:79:Infinity":0,"f:17:40:17:41":0,"s:18:21:18:Infinity":1,"b:18:21:18:56:18:56:18:Infinity":0,"s:19:42:19:Infinity":2,"s:21:2:35:Infinity":3,"f:21:12:21:18":1,"b:22:4:22:Infinity:undefined:undefined:undefined:undefined":1,"s:22:4:22:Infinity":4,"s:22:21:22:Infinity":5,"s:23:25:32:Infinity":6,"f:23:25:23:31":2,"s:24:21:24:Infinity":7,"b:25:6:31:Infinity:29:13:31:Infinity":2,"s:25:6:31:Infinity":8,"s:26:29:26:Infinity":9,"s:27:27:27:Infinity":10,"s:28:8:28:Infinity":11,"s:30:8:30:Infinity":12,"s:33:4:33:Infinity":13,"s:34:4:34:Infinity":14,"f:34:11:34:17":3,"s:34:17:34:Infinity":15,"s:37:22:37:Infinity":16,"b:37:81:37:86:37:86:37:Infinity":3,"b:37:22:37:55:37:55:37:81":4,"s:38:22:38:Infinity":17,"s:39:19:39:Infinity":18,"b:39:32:39:93:39:93:39:Infinity":5,"s:41:2:77:Infinity":19,"b:45:39:45:94:45:94:45:Infinity":6,"b:45:60:45:77:45:77:45:94":7,"b:46:56:46:60:46:60:46:Infinity":8,"b:46:19:46:33:46:33:46:56":9,"b:47:59:47:68:47:68:47:Infinity":10,"b:47:22:47:36:47:36:47:59":11,"b:52:102:52:117:52:117:52:127":12,"b:52:72:52:86:52:86:52:102":13,"b:52:161:52:170:52:170:52:172":14,"b:52:131:52:145:52:145:52:161":15,"f:56:19:56:25":4,"s:56:25:56:Infinity":20,"b:71:9:71:Infinity:72:10:74:Infinity":16}}}
[...]
,"/home/george/projects/hanlearn/web-client/src/store/reducers/addWords.ts": {"path":"/home/george/projects/hanlearn/web-client/src/store/reducers/addWords.ts","statementMap":{"0":{"start":{"line":6,"column":36},"end":{"line":10,"column":null}},"1":{"start":{"line":12,"column":16},"end":{"line":106,"column":null}},"2":{"start":{"line":13,"column":2},"end":{"line":105,"column":null}},"3":{"start":{"line":15,"column":19},"end":{"line":15,"column":null}},"4":{"start":{"line":16,"column":20},"end":{"line":16,"column":null}},"5":{"start":{"line":17,"column":6},"end":{"line":19,"column":null}},"6":{"start":{"line":18,"column":8},"end":{"line":18,"column":null}},"7":{"start":{"line":21,"column":8},"end":{"line":23,"column":null}},"8":{"start":{"line":25,"column":8},"end":{"line":27,"column":null}},"9":{"start":{"line":28,"column":24},"end":{"line":28,"column":null}},"10":{"start":{"line":29,"column":26},"end":{"line":29,"column":null}},"11":{"start":{"line":30,"column":6},"end":{"line":30,"column":null}},"12":{"start":{"line":31,"column":6},"end":{"line":31,"column":null}},"13":{"start":{"line":33,"column":6},"end":{"line":36,"column":null}},"14":{"start":{"line":39,"column":25},"end":{"line":39,"column":null}},"15":{"start":{"line":40,"column":26},"end":{"line":40,"column":null}},"16":{"start":{"line":43,"column":8},"end":{"line":45,"column":null}},"17":{"start":{"line":47,"column":8},"end":{"line":49,"column":null}},"18":{"start":{"line":50,"column":30},"end":{"line":50,"column":null}},"19":{"start":{"line":52,"column":8},"end":{"line":52,"column":null}},"20":{"start":{"line":53,"column":6},"end":{"line":53,"column":null}},"21":{"start":{"line":54,"column":6},"end":{"line":54,"column":null}},"22":{"start":{"line":56,"column":6},"end":{"line":59,"column":null}},"23":{"start":{"line":63,"column":23},"end":{"line":63,"column":null}},"24":{"start":{"line":63,"column":52},"end":{"line":63,"column":77}},"25":{"start":{"line":64,"column":6},"end":{"line":67,"column":null}},"26":{"start":{"line":70,"column":30},"end":{"line":74,"column":null}},"27":{"start":{"line":71,"column":8},"end":{"line":73,"column":null}},"28":{"start":{"line":75,"column":6},"end":{"line":78,"column":null}},"29":{"start":{"line":81,"column":6},"end":{"line":84,"column":null}},"30":{"start":{"line":86,"column":6},"end":{"line":89,"column":null}},"31":{"start":{"line":91,"column":6},"end":{"line":96,"column":null}},"32":{"start":{"line":98,"column":6},"end":{"line":102,"column":null}},"33":{"start":{"line":104,"column":6},"end":{"line":104,"column":null}}},"fnMap":{"0":{"name":"(anonymous_0)","decl":{"start":{"line":12,"column":16},"end":{"line":12,"column":17}},"loc":{"start":{"line":12,"column":77},"end":{"line":106,"column":null}},"line":12},"1":{"name":"(anonymous_1)","decl":{"start":{"line":63,"column":42},"end":{"line":63,"column":43}},"loc":{"start":{"line":63,"column":52},"end":{"line":63,"column":77}},"line":63},"2":{"name":"(anonymous_2)","decl":{"start":{"line":70,"column":46},"end":{"line":70,"column":47}},"loc":{"start":{"line":71,"column":8},"end":{"line":73,"column":null}},"line":71}},"branchMap":{"0":{"loc":{"start":{"line":12,"column":17},"end":{"line":12,"column":39}},"type":"default-arg","locations":[{"start":{"line":12,"column":25},"end":{"line":12,"column":39}}],"line":12},"1":{"loc":{"start":{"line":13,"column":2},"end":{"line":105,"column":null}},"type":"switch","locations":[{"start":{"line":14,"column":4},"end":{"line":37,"column":null}},{"start":{"line":38,"column":4},"end":{"line":60,"column":null}},{"start":{"line":62,"column":4},"end":{"line":68,"column":null}},{"start":{"line":69,"column":4},"end":{"line":79,"column":null}},{"start":{"line":80,"column":4},"end":{"line":84,"column":null}},{"start":{"line":85,"column":4},"end":{"line":89,"column":null}},{"start":{"line":90,"column":4},"end":{"line":96,"column":null}},{"start":{"line":97,"column":4},"end":{"line":102,"column":null}},{"start":{"line":103,"column":4},"end":{"line":104,"column":null}}],"line":13},"2":{"loc":{"start":{"line":17,"column":6},"end":{"line":19,"column":null}},"type":"if","locations":[{"start":{"line":17,"column":6},"end":{"line":19,"column":null}},{"start":{},"end":{}}],"line":17},"3":{"loc":{"start":{"line":21,"column":8},"end":{"line":23,"column":null}},"type":"cond-expr","locations":[{"start":{"line":22,"column":12},"end":{"line":22,"column":null}},{"start":{"line":23,"column":12},"end":{"line":23,"column":null}}],"line":21},"4":{"loc":{"start":{"line":25,"column":8},"end":{"line":27,"column":null}},"type":"cond-expr","locations":[{"start":{"line":25,"column":28},"end":{"line":26,"column":null}},{"start":{"line":27,"column":12},"end":{"line":27,"column":null}}],"line":25},"5":{"loc":{"start":{"line":43,"column":8},"end":{"line":45,"column":null}},"type":"cond-expr","locations":[{"start":{"line":44,"column":12},"end":{"line":44,"column":null}},{"start":{"line":45,"column":12},"end":{"line":45,"column":null}}],"line":43},"6":{"loc":{"start":{"line":47,"column":8},"end":{"line":49,"column":null}},"type":"cond-expr","locations":[{"start":{"line":47,"column":34},"end":{"line":48,"column":null}},{"start":{"line":49,"column":12},"end":{"line":49,"column":null}}],"line":47},"7":{"loc":{"start":{"line":71,"column":8},"end":{"line":73,"column":null}},"type":"cond-expr","locations":[{"start":{"line":72,"column":12},"end":{"line":72,"column":null}},{"start":{"line":73,"column":12},"end":{"line":73,"column":null}}],"line":71}},"s":{"0":4,"1":4,"2":115,"3":4,"4":4,"5":4,"6":1,"7":4,"8":4,"9":4,"10":4,"11":4,"12":4,"13":4,"14":2,"15":2,"16":2,"17":2,"18":2,"19":2,"20":2,"21":2,"22":2,"23":3,"24":4,"25":3,"26":3,"27":4,"28":3,"29":1,"30":1,"31":2,"32":3,"33":96},"f":{"0":115,"1":4,"2":4},"b":{"0":[115],"1":[4,2,3,3,1,1,2,3,96],"2":[1,3],"3":[4,0],"4":[0,4],"5":[2,0],"6":[0,2],"7":[3,1]},"meta":{"lastBranch":8,"lastFunction":3,"lastStatement":34,"seen":{"s:6:36:10:Infinity":0,"s:12:16:106:Infinity":1,"f:12:16:12:17":0,"b:12:25:12:39":0,"b:14:4:37:Infinity:38:4:60:Infinity:62:4:68:Infinity:69:4:79:Infinity:80:4:84:Infinity:85:4:89:Infinity:90:4:96:Infinity:97:4:102:Infinity:103:4:104:Infinity":1,"s:13:2:105:Infinity":2,"s:15:19:15:Infinity":3,"s:16:20:16:Infinity":4,"b:17:6:19:Infinity:undefined:undefined:undefined:undefined":2,"s:17:6:19:Infinity":5,"s:18:8:18:Infinity":6,"s:21:8:23:Infinity":7,"b:22:12:22:Infinity:23:12:23:Infinity":3,"s:25:8:27:Infinity":8,"b:25:28:26:Infinity:27:12:27:Infinity":4,"s:28:24:28:Infinity":9,"s:29:26:29:Infinity":10,"s:30:6:30:Infinity":11,"s:31:6:31:Infinity":12,"s:33:6:36:Infinity":13,"s:39:25:39:Infinity":14,"s:40:26:40:Infinity":15,"s:43:8:45:Infinity":16,"b:44:12:44:Infinity:45:12:45:Infinity":5,"s:47:8:49:Infinity":17,"b:47:34:48:Infinity:49:12:49:Infinity":6,"s:50:30:50:Infinity":18,"s:52:8:52:Infinity":19,"s:53:6:53:Infinity":20,"s:54:6:54:Infinity":21,"s:56:6:59:Infinity":22,"s:63:23:63:Infinity":23,"f:63:42:63:43":1,"s:63:52:63:77":24,"s:64:6:67:Infinity":25,"s:70:30:74:Infinity":26,"f:70:46:70:47":2,"s:71:8:73:Infinity":27,"b:72:12:72:Infinity:73:12:73:Infinity":7,"s:75:6:78:Infinity":28,"s:81:6:84:Infinity":29,"s:86:6:89:Infinity":30,"s:91:6:96:Infinity":31,"s:98:6:102:Infinity":32,"s:104:6:104:Infinity":33}}}
,"/home/george/projects/hanlearn/web-client/src/store/reducers/auth.ts": {"path":"/home/george/projects/hanlearn/web-client/src/store/reducers/auth.ts","statementMap":{"0":{"start":{"line":5,"column":32},"end":{"line":13,"column":null}},"1":{"start":{"line":15,"column":16},"end":{"line":81,"column":null}},"2":{"start":{"line":16,"column":2},"end":{"line":80,"column":null}},"3":{"start":{"line":18,"column":6},"end":{"line":23,"column":null}},"4":{"start":{"line":25,"column":6},"end":{"line":32,"column":null}},"5":{"start":{"line":34,"column":6},"end":{"line":38,"column":null}},"6":{"start":{"line":40,"column":6},"end":{"line":45,"column":null}},"7":{"start":{"line":47,"column":6},"end":{"line":50,"column":null}},"8":{"start":{"line":52,"column":6},"end":{"line":57,"column":null}},"9":{"start":{"line":59,"column":6},"end":{"line":64,"column":null}},"10":{"start":{"line":66,"column":6},"end":{"line":71,"column":null}},"11":{"start":{"line":73,"column":6},"end":{"line":77,"column":null}},"12":{"start":{"line":79,"column":6},"end":{"line":79,"column":null}}},"fnMap":{"0":{"name":"(anonymous_0)","decl":{"start":{"line":15,"column":16},"end":{"line":15,"column":17}},"loc":{"start":{"line":15,"column":73},"end":{"line":81,"column":null}},"line":15}},"branchMap":{"0":{"loc":{"start":{"line":15,"column":17},"end":{"line":15,"column":39}},"type":"default-arg","locations":[{"start":{"line":15,"column":25},"end":{"line":15,"column":39}}],"line":15},"1":{"loc":{"start":{"line":16,"column":2},"end":{"line":80,"column":null}},"type":"switch","locations":[{"start":{"line":17,"column":4},"end":{"line":23,"column":null}},{"start":{"line":24,"column":4},"end":{"line":32,"column":null}},{"start":{"line":33,"column":4},"end":{"line":38,"column":null}},{"start":{"line":39,"column":4},"end":{"line":45,"column":null}},{"start":{"line":46,"column":4},"end":{"line":50,"column":null}},{"start":{"line":51,"column":4},"end":{"line":57,"column":null}},{"start":{"line":58,"column":4},"end":{"line":64,"column":null}},{"start":{"line":65,"column":4},"end":{"line":71,"column":null}},{"start":{"line":72,"column":4},"end":{"line":77,"column":null}},{"start":{"line":78,"column":4},"end":{"line":79,"column":null}}],"line":16}},"s":{"0":3,"1":3,"2":102,"3":8,"4":4,"5":5,"6":2,"7":2,"8":0,"9":0,"10":0,"11":0,"12":81},"f":{"0":102},"b":{"0":[102],"1":[8,4,5,2,2,0,0,0,0,81]},"meta":{"lastBranch":2,"lastFunction":1,"lastStatement":13,"seen":{"s:5:32:13:Infinity":0,"s:15:16:81:Infinity":1,"f:15:16:15:17":0,"b:15:25:15:39":0,"b:17:4:23:Infinity:24:4:32:Infinity:33:4:38:Infinity:39:4:45:Infinity:46:4:50:Infinity:51:4:57:Infinity:58:4:64:Infinity:65:4:71:Infinity:72:4:77:Infinity:78:4:79:Infinity":1,"s:16:2:80:Infinity":2,"s:18:6:23:Infinity":3,"s:25:6:32:Infinity":4,"s:34:6:38:Infinity":5,"s:40:6:45:Infinity":6,"s:47:6:50:Infinity":7,"s:52:6:57:Infinity":8,"s:59:6:64:Infinity":9,"s:66:6:71:Infinity":10,"s:73:6:77:Infinity":11,"s:79:6:79:Infinity":12}}}
,"/home/george/projects/hanlearn/web-client/src/store/reducers/settings.ts": {"path":"/home/george/projects/hanlearn/web-client/src/store/reducers/settings.ts","statementMap":{"0":{"start":{"line":5,"column":36},"end":{"line":8,"column":null}},"1":{"start":{"line":10,"column":16},"end":{"line":38,"column":null}},"2":{"start":{"line":14,"column":2},"end":{"line":37,"column":null}},"3":{"start":{"line":16,"column":6},"end":{"line":19,"column":null}},"4":{"start":{"line":21,"column":6},"end":{"line":24,"column":null}},"5":{"start":{"line":26,"column":6},"end":{"line":29,"column":null}},"6":{"start":{"line":31,"column":6},"end":{"line":34,"column":null}},"7":{"start":{"line":36,"column":6},"end":{"line":36,"column":null}}},"fnMap":{"0":{"name":"(anonymous_0)","decl":{"start":{"line":10,"column":16},"end":{"line":10,"column":null}},"loc":{"start":{"line":13,"column":20},"end":{"line":38,"column":null}},"line":13}},"branchMap":{"0":{"loc":{"start":{"line":11,"column":2},"end":{"line":11,"column":null}},"type":"default-arg","locations":[{"start":{"line":11,"column":10},"end":{"line":11,"column":null}}],"line":11},"1":{"loc":{"start":{"line":14,"column":2},"end":{"line":37,"column":null}},"type":"switch","locations":[{"start":{"line":15,"column":4},"end":{"line":19,"column":null}},{"start":{"line":20,"column":4},"end":{"line":24,"column":null}},{"start":{"line":25,"column":4},"end":{"line":29,"column":null}},{"start":{"line":30,"column":4},"end":{"line":34,"column":null}},{"start":{"line":35,"column":4},"end":{"line":36,"column":null}}],"line":14}},"s":{"0":3,"1":3,"2":102,"3":1,"4":1,"5":0,"6":0,"7":100},"f":{"0":102},"b":{"0":[102],"1":[1,1,0,0,100]},"meta":{"lastBranch":2,"lastFunction":1,"lastStatement":8,"seen":{"s:5:36:8:Infinity":0,"s:10:16:38:Infinity":1,"f:10:16:10:Infinity":0,"b:11:10:11:Infinity":0,"b:15:4:19:Infinity:20:4:24:Infinity:25:4:29:Infinity:30:4:34:Infinity:35:4:36:Infinity":1,"s:14:2:37:Infinity":2,"s:16:6:19:Infinity":3,"s:21:6:24:Infinity":4,"s:26:6:29:Infinity":5,"s:31:6:34:Infinity":6,"s:36:6:36:Infinity":7}}}
,"/home/george/projects/hanlearn/web-client/src/test/utils.tsx": {"path":"/home/george/projects/hanlearn/web-client/src/test/utils.tsx","statementMap":{"0":{"start":{"line":13,"column":8},"end":{"line":17,"column":null}},"1":{"start":{"line":18,"column":2},"end":{"line":18,"column":null}},"2":{"start":{"line":33,"column":4},"end":{"line":36,"column":null}},"3":{"start":{"line":39,"column":2},"end":{"line":39,"column":null}},"4":{"start":{"line":44,"column":2},"end":{"line":56,"column":null}}},"fnMap":{"0":{"name":"createTestStore","decl":{"start":{"line":12,"column":16},"end":{"line":12,"column":32}},"loc":{"start":{"line":12,"column":74},"end":{"line":19,"column":null}},"line":12},"1":{"name":"renderWithProviders","decl":{"start":{"line":25,"column":16},"end":{"line":25,"column":null}},"loc":{"start":{"line":31,"column":2},"end":{"line":40,"column":null}},"line":31},"2":{"name":"Wrapper","decl":{"start":{"line":32,"column":11},"end":{"line":32,"column":19}},"loc":{"start":{"line":32,"column":64},"end":{"line":38,"column":null}},"line":32},"3":{"name":"authenticatedState","decl":{"start":{"line":43,"column":16},"end":{"line":43,"column":35}},"loc":{"start":{"line":43,"column":61},"end":{"line":57,"column":null}},"line":43}},"branchMap":{"0":{"loc":{"start":{"line":27,"column":2},"end":{"line":30,"column":null}},"type":"default-arg","locations":[{"start":{"line":30,"column":36},"end":{"line":30,"column":null}}],"line":27},"1":{"loc":{"start":{"line":28,"column":4},"end":{"line":28,"column":null}},"type":"default-arg","locations":[{"start":{"line":28,"column":12},"end":{"line":28,"column":null}}],"line":28},"2":{"loc":{"start":{"line":43,"column":35},"end":{"line":43,"column":61}},"type":"default-arg","locations":[{"start":{"line":43,"column":44},"end":{"line":43,"column":61}}],"line":43}},"s":{"0":23,"1":23,"2":0,"3":0,"4":8},"f":{"0":23,"1":0,"2":0,"3":8},"b":{"0":[0],"1":[0],"2":[8]},"meta":{"lastBranch":3,"lastFunction":4,"lastStatement":5,"seen":{"f:12:16:12:32":0,"s:13:8:17:Infinity":0,"s:18:2:18:Infinity":1,"f:25:16:25:Infinity":1,"b:30:36:30:Infinity":0,"b:28:12:28:Infinity":1,"f:32:11:32:19":2,"s:33:4:36:Infinity":2,"s:39:2:39:Infinity":3,"f:43:16:43:35":3,"b:43:44:43:61":2,"s:44:2:56:Infinity":4}}}
,"/home/george/projects/hanlearn/web-client/src/utils/devTestMode.ts": {"path":"/home/george/projects/hanlearn/web-client/src/utils/devTestMode.ts","statementMap":{"0":{"start":{"line":30,"column":2},"end":{"line":32,"column":null}},"1":{"start":{"line":31,"column":4},"end":{"line":31,"column":null}},"2":{"start":{"line":34,"column":17},"end":{"line":34,"column":null}},"3":{"start":{"line":35,"column":19},"end":{"line":35,"column":null}},"4":{"start":{"line":37,"column":2},"end":{"line":39,"column":null}},"5":{"start":{"line":38,"column":4},"end":{"line":38,"column":null}},"6":{"start":{"line":41,"column":34},"end":{"line":41,"column":null}},"7":{"start":{"line":42,"column":2},"end":{"line":45,"column":null}},"8":{"start":{"line":43,"column":4},"end":{"line":43,"column":null}},"9":{"start":{"line":44,"column":4},"end":{"line":44,"column":null}},"10":{"start":{"line":47,"column":2},"end":{"line":50,"column":null}},"11":{"start":{"line":57,"column":2},"end":{"line":57,"column":null}},"12":{"start":{"line":64,"column":17},"end":{"line":64,"column":null}},"13":{"start":{"line":65,"column":2},"end":{"line":65,"column":null}}},"fnMap":{"0":{"name":"getDevTestConfig","decl":{"start":{"line":28,"column":16},"end":{"line":28,"column":57}},"loc":{"start":{"line":28,"column":57},"end":{"line":51,"column":null}},"line":28},"1":{"name":"isDevTestMode","decl":{"start":{"line":56,"column":16},"end":{"line":56,"column":41}},"loc":{"start":{"line":56,"column":41},"end":{"line":58,"column":null}},"line":56},"2":{"name":"getDevStage","decl":{"start":{"line":63,"column":16},"end":{"line":63,"column":40}},"loc":{"start":{"line":63,"column":40},"end":{"line":66,"column":null}},"line":63}},"branchMap":{"0":{"loc":{"start":{"line":30,"column":2},"end":{"line":32,"column":null}},"type":"if","locations":[{"start":{"line":30,"column":2},"end":{"line":32,"column":null}},{"start":{},"end":{}}],"line":30},"1":{"loc":{"start":{"line":37,"column":2},"end":{"line":39,"column":null}},"type":"if","locations":[{"start":{"line":37,"column":2},"end":{"line":39,"column":null}},{"start":{},"end":{}}],"line":37},"2":{"loc":{"start":{"line":42,"column":2},"end":{"line":45,"column":null}},"type":"if","locations":[{"start":{"line":42,"column":2},"end":{"line":45,"column":null}},{"start":{},"end":{}}],"line":42},"3":{"loc":{"start":{"line":65,"column":9},"end":{"line":65,"column":null}},"type":"binary-expr","locations":[{"start":{"line":65,"column":9},"end":{"line":65,"column":26}},{"start":{"line":65,"column":26},"end":{"line":65,"column":null}}],"line":65}},"s":{"0":1,"1":1,"2":0,"3":0,"4":0,"5":0,"6":0,"7":0,"8":0,"9":0,"10":0,"11":0,"12":0,"13":0},"f":{"0":1,"1":0,"2":0},"b":{"0":[1,0],"1":[0,0],"2":[0,0],"3":[0,0]},"meta":{"lastBranch":4,"lastFunction":3,"lastStatement":14,"seen":{"f:28:16:28:57":0,"b:30:2:32:Infinity:undefined:undefined:undefined:undefined":0,"s:30:2:32:Infinity":0,"s:31:4:31:Infinity":1,"s:34:17:34:Infinity":2,"s:35:19:35:Infinity":3,"b:37:2:39:Infinity:undefined:undefined:undefined:undefined":1,"s:37:2:39:Infinity":4,"s:38:4:38:Infinity":5,"s:41:34:41:Infinity":6,"b:42:2:45:Infinity:undefined:undefined:undefined:undefined":2,"s:42:2:45:Infinity":7,"s:43:4:43:Infinity":8,"s:44:4:44:Infinity":9,"s:47:2:50:Infinity":10,"f:56:16:56:41":1,"s:57:2:57:Infinity":11,"f:63:16:63:40":2,"s:64:17:64:Infinity":12,"s:65:2:65:Infinity":13,"b:65:9:65:26:65:26:65:Infinity":3}}}
,"/home/george/projects/hanlearn/web-client/src/utils/meaningUtils.ts": {"path":"/home/george/projects/hanlearn/web-client/src/utils/meaningUtils.ts","statementMap":{"0":{"start":{"line":5,"column":2},"end":{"line":9,"column":null}},"1":{"start":{"line":7,"column":20},"end":{"line":7,"column":32}},"2":{"start":{"line":8,"column":16},"end":{"line":8,"column":24}},"3":{"start":{"line":9,"column":19},"end":{"line":9,"column":55}},"4":{"start":{"line":16,"column":2},"end":{"line":16,"column":null}}},"fnMap":{"0":{"name":"parseMeanings","decl":{"start":{"line":4,"column":16},"end":{"line":4,"column":30}},"loc":{"start":{"line":4,"column":57},"end":{"line":10,"column":null}},"line":4},"1":{"name":"(anonymous_1)","decl":{"start":{"line":7,"column":13},"end":{"line":7,"column":14}},"loc":{"start":{"line":7,"column":20},"end":{"line":7,"column":32}},"line":7},"2":{"name":"(anonymous_2)","decl":{"start":{"line":8,"column":9},"end":{"line":8,"column":10}},"loc":{"start":{"line":8,"column":16},"end":{"line":8,"column":24}},"line":8},"3":{"name":"(anonymous_3)","decl":{"start":{"line":9,"column":12},"end":{"line":9,"column":13}},"loc":{"start":{"line":9,"column":19},"end":{"line":9,"column":55}},"line":9},"4":{"name":"joinMeanings","decl":{"start":{"line":15,"column":16},"end":{"line":15,"column":29}},"loc":{"start":{"line":15,"column":57},"end":{"line":17,"column":null}},"line":15}},"branchMap":{"0":{"loc":{"start":{"line":9,"column":19},"end":{"line":9,"column":55}},"type":"binary-expr","locations":[{"start":{"line":9,"column":19},"end":{"line":9,"column":35}},{"start":{"line":9,"column":35},"end":{"line":9,"column":55}}],"line":9}},"s":{"0":0,"1":0,"2":0,"3":0,"4":0},"f":{"0":0,"1":0,"2":0,"3":0,"4":0},"b":{"0":[0,0]},"meta":{"lastBranch":1,"lastFunction":5,"lastStatement":5,"seen":{"f:4:16:4:30":0,"s:5:2:9:Infinity":0,"f:7:13:7:14":1,"s:7:20:7:32":1,"f:8:9:8:10":2,"s:8:16:8:24":2,"f:9:12:9:13":3,"s:9:19:9:55":3,"b:9:19:9:35:9:35:9:55":0,"f:15:16:15:29":4,"s:16:2:16:Infinity":4}}}
}
